Flow report for SSP
Tue Nov 01 20:48:36 2016
Quartus II Version 9.1 Build 222 10/21/2009 SJ Full Version


---------------------
; Table of Contents ;
---------------------
  1. Legal Notice
  2. Flow Summary
  3. Flow Settings
  4. Flow Non-Default Global Settings
  5. Flow Elapsed Time
  6. Flow OS Summary
  7. Flow Log



----------------
; Legal Notice ;
----------------
Copyright (C) 1991-2009 Altera Corporation
Your use of Altera Corporation's design tools, logic functions 
and other software and tools, and its AMPP partner logic 
functions, and any output files from any of the foregoing 
(including device programming or simulation files), and any 
associated documentation or information are expressly subject 
to the terms and conditions of the Altera Program License 
Subscription Agreement, Altera MegaCore Function License 
Agreement, or other applicable license agreement, including, 
without limitation, that your use is for the sole purpose of 
programming logic devices manufactured by Altera and sold by 
Altera or its authorized distributors.  Please refer to the 
applicable agreement for further details.



+--------------------------------------------------------------------+
; Flow Summary                                                       ;
+-------------------------+------------------------------------------+
; Flow Status             ; Successful - Tue Nov 01 20:48:36 2016    ;
; Quartus II Version      ; 9.1 Build 222 10/21/2009 SJ Full Version ;
; Revision Name           ; SSP                                      ;
; Top-level Entity Name   ; SSP                                      ;
; Family                  ; MAX II                                   ;
; Device                  ; EPM1270T144C5                            ;
; Timing Models           ; Final                                    ;
; Met timing requirements ; No                                       ;
; Total logic elements    ; 158 / 1,270 ( 12 % )                     ;
; Total pins              ; 40 / 116 ( 34 % )                        ;
; Total virtual pins      ; 0                                        ;
; UFM blocks              ; 0 / 1 ( 0 % )                            ;
+-------------------------+------------------------------------------+


+-----------------------------------------+
; Flow Settings                           ;
+-------------------+---------------------+
; Option            ; Setting             ;
+-------------------+---------------------+
; Start date & time ; 11/01/2016 20:48:29 ;
; Main task         ; Compilation         ;
; Revision Name     ; SSP                 ;
+-------------------+---------------------+


+-------------------------------------------------------------------------------------------------------------------------------------------------------------------+
; Flow Non-Default Global Settings                                                                                                                                  ;
+---------------------------------------+----------------------------------------------------------------------------+---------------+-------------+----------------+
; Assignment Name                       ; Value                                                                      ; Default Value ; Entity Name ; Section Id     ;
+---------------------------------------+----------------------------------------------------------------------------+---------------+-------------+----------------+
; COMPILER_SIGNATURE_ID                 ; 75006876909103.147800450902316                                             ; --            ; --          ; --             ;
; FMAX_REQUIREMENT                      ; 50 MHz                                                                     ; --            ; --          ; --             ;
; MAX_CORE_JUNCTION_TEMP                ; 85                                                                         ; --            ; --          ; --             ;
; MIN_CORE_JUNCTION_TEMP                ; 0                                                                          ; --            ; --          ; --             ;
; MISC_FILE                             ; F:/VDHL preject for Schoolworks/game/SSP.dpf                               ; --            ; --          ; --             ;
; MISC_FILE                             ; F:/VDHL preject for Schoolworks/game - 仿真通过/SSP.dpf                    ; --            ; --          ; --             ;
; MISC_FILE                             ; C:/Documents and Settings/admin/桌面/game - 仿真通过(删除无用端口)/SSP.dpf ; --            ; --          ; --             ;
; POWER_EXT_SUPPLY_VOLTAGE_TO_REGULATOR ; 3.3V                                                                       ; --            ; --          ; --             ;
; USE_GENERATED_PHYSICAL_CONSTRAINTS    ; Off                                                                        ; --            ; --          ; eda_blast_fpga ;
+---------------------------------------+----------------------------------------------------------------------------+---------------+-------------+----------------+


+-----------------------------------------------------------------------------------------------------------------------------+
; Flow Elapsed Time                                                                                                           ;
+-------------------------+--------------+-------------------------+---------------------+------------------------------------+
; Module Name             ; Elapsed Time ; Average Processors Used ; Peak Virtual Memory ; Total CPU Time (on all processors) ;
+-------------------------+--------------+-------------------------+---------------------+------------------------------------+
; Analysis & Synthesis    ; 00:00:02     ; 1.0                     ; 187 MB              ; 00:00:02                           ;
; Fitter                  ; 00:00:01     ; 1.0                     ; 177 MB              ; 00:00:01                           ;
; Assembler               ; 00:00:01     ; 1.0                     ; 143 MB              ; 00:00:01                           ;
; Classic Timing Analyzer ; 00:00:01     ; 1.0                     ; 114 MB              ; 00:00:01                           ;
; Total                   ; 00:00:05     ; --                      ; --                  ; 00:00:05                           ;
+-------------------------+--------------+-------------------------+---------------------+------------------------------------+


+---------------------------------------------------------------------------------------+
; Flow OS Summary                                                                       ;
+-------------------------+------------------+------------+------------+----------------+
; Module Name             ; Machine Hostname ; OS Name    ; OS Version ; Processor type ;
+-------------------------+------------------+------------+------------+----------------+
; Analysis & Synthesis    ; C07              ; Windows XP ; 5.1        ; i686           ;
; Fitter                  ; C07              ; Windows XP ; 5.1        ; i686           ;
; Assembler               ; C07              ; Windows XP ; 5.1        ; i686           ;
; Classic Timing Analyzer ; C07              ; Windows XP ; 5.1        ; i686           ;
+-------------------------+------------------+------------+------------+----------------+


------------
; Flow Log ;
------------
quartus_map --read_settings_files=on --write_settings_files=off SSP -c SSP
quartus_fit --read_settings_files=off --write_settings_files=off SSP -c SSP
quartus_asm --read_settings_files=off --write_settings_files=off SSP -c SSP
quartus_tan --read_settings_files=off --write_settings_files=off SSP -c SSP



