Fitter report for SSP
Fri Oct 28 16:38:56 2016
Quartus II 64-Bit Version 9.0 Build 132 02/25/2009 SJ Full Version


---------------------
; Table of Contents ;
---------------------
  1. Legal Notice
  2. Fitter Summary
  3. Fitter Settings
  4. Parallel Compilation
  5. Pin-Out File
  6. Fitter Resource Usage Summary
  7. Input Pins
  8. Output Pins
  9. I/O Bank Usage
 10. All Package Pins
 11. Output Pin Default Load For Reported TCO
 12. Fitter Resource Utilization by Entity
 13. Delay Chain Summary
 14. Control Signals
 15. Global & Other Fast Signals
 16. Non-Global High Fan-Out Signals
 17. Interconnect Usage Summary
 18. LAB Logic Elements
 19. LAB-wide Signals
 20. LAB Signals Sourced
 21. LAB Signals Sourced Out
 22. LAB Distinct Inputs
 23. Fitter Device Options
 24. Estimated Delay Added for Hold Timing
 25. Advanced Data - General
 26. Advanced Data - Placement Preparation
 27. Advanced Data - Placement
 28. Advanced Data - Routing
 29. Fitter Messages
 30. Fitter Suppressed Messages



----------------
; Legal Notice ;
----------------
Copyright (C) 1991-2009 Altera Corporation
Your use of Altera Corporation's design tools, logic functions 
and other software and tools, and its AMPP partner logic 
functions, and any output files from any of the foregoing 
(including device programming or simulation files), and any 
associated documentation or information are expressly subject 
to the terms and conditions of the Altera Program License 
Subscription Agreement, Altera MegaCore Function License 
Agreement, or other applicable license agreement, including, 
without limitation, that your use is for the sole purpose of 
programming logic devices manufactured by Altera and sold by 
Altera or its authorized distributors.  Please refer to the 
applicable agreement for further details.



+----------------------------------------------------------------------+
; Fitter Summary                                                       ;
+---------------------------+------------------------------------------+
; Fitter Status             ; Successful - Fri Oct 28 16:38:56 2016    ;
; Quartus II 64-Bit Version ; 9.0 Build 132 02/25/2009 SJ Full Version ;
; Revision Name             ; SSP                                      ;
; Top-level Entity Name     ; SSP                                      ;
; Family                    ; MAX II                                   ;
; Device                    ; EPM1270T144C5                            ;
; Timing Models             ; Final                                    ;
; Total logic elements      ; 102 / 1,270 ( 8 % )                      ;
; Total pins                ; 22 / 116 ( 19 % )                        ;
; Total virtual pins        ; 0                                        ;
; UFM blocks                ; 0 / 1 ( 0 % )                            ;
+---------------------------+------------------------------------------+


+--------------------------------------------------------------------------------------------------------------------------------------+
; Fitter Settings                                                                                                                      ;
+--------------------------------------------------------------------+--------------------------------+--------------------------------+
; Option                                                             ; Setting                        ; Default Value                  ;
+--------------------------------------------------------------------+--------------------------------+--------------------------------+
; Device                                                             ; EPM1270T144C5                  ;                                ;
; Minimum Core Junction Temperature                                  ; 0                              ;                                ;
; Maximum Core Junction Temperature                                  ; 85                             ;                                ;
; Fit Attempts to Skip                                               ; 0                              ; 0.0                            ;
; Device I/O Standard                                                ; 3.3-V LVTTL                    ;                                ;
; Use smart compilation                                              ; Off                            ; Off                            ;
; Use TimeQuest Timing Analyzer                                      ; Off                            ; Off                            ;
; Router Timing Optimization Level                                   ; Normal                         ; Normal                         ;
; Placement Effort Multiplier                                        ; 1.0                            ; 1.0                            ;
; Router Effort Multiplier                                           ; 1.0                            ; 1.0                            ;
; Always Enable Input Buffers                                        ; Off                            ; Off                            ;
; Optimize Hold Timing                                               ; IO Paths and Minimum TPD Paths ; IO Paths and Minimum TPD Paths ;
; Optimize Multi-Corner Timing                                       ; Off                            ; Off                            ;
; Guarantee I/O Paths Have Zero Hold Time at Fast Corner             ; On                             ; On                             ;
; PowerPlay Power Optimization                                       ; Normal compilation             ; Normal compilation             ;
; Optimize Timing                                                    ; Normal compilation             ; Normal compilation             ;
; Optimize Timing for ECOs                                           ; Off                            ; Off                            ;
; Regenerate full fit report during ECO compiles                     ; Off                            ; Off                            ;
; Optimize IOC Register Placement for Timing                         ; On                             ; On                             ;
; Limit to One Fitting Attempt                                       ; Off                            ; Off                            ;
; Final Placement Optimizations                                      ; Automatically                  ; Automatically                  ;
; Fitter Aggressive Routability Optimizations                        ; Automatically                  ; Automatically                  ;
; Fitter Initial Placement Seed                                      ; 1                              ; 1                              ;
; Slow Slew Rate                                                     ; Off                            ; Off                            ;
; PCI I/O                                                            ; Off                            ; Off                            ;
; Weak Pull-Up Resistor                                              ; Off                            ; Off                            ;
; Enable Bus-Hold Circuitry                                          ; Off                            ; Off                            ;
; Auto Delay Chains                                                  ; On                             ; On                             ;
; Perform Physical Synthesis for Combinational Logic for Performance ; Off                            ; Off                            ;
; Perform Register Duplication for Performance                       ; Off                            ; Off                            ;
; Perform Register Retiming for Performance                          ; Off                            ; Off                            ;
; Perform Asynchronous Signal Pipelining                             ; Off                            ; Off                            ;
; Fitter Effort                                                      ; Auto Fit                       ; Auto Fit                       ;
; Physical Synthesis Effort Level                                    ; Normal                         ; Normal                         ;
; Logic Cell Insertion - Logic Duplication                           ; Auto                           ; Auto                           ;
; Auto Register Duplication                                          ; Auto                           ; Auto                           ;
; Auto Global Clock                                                  ; On                             ; On                             ;
; Auto Global Register Control Signals                               ; On                             ; On                             ;
; Stop After Congestion Map Generation                               ; Off                            ; Off                            ;
; Save Intermediate Fitting Results                                  ; Off                            ; Off                            ;
; Force Fitter to Avoid Periphery Placement Warnings                 ; Off                            ; Off                            ;
+--------------------------------------------------------------------+--------------------------------+--------------------------------+


+------------------------------------------+
; Parallel Compilation                     ;
+----------------------------+-------------+
; Processors                 ; Number      ;
+----------------------------+-------------+
; Number detected on machine ; 4           ;
; Maximum allowed            ; 4           ;
;                            ;             ;
; Average used               ; 1.00        ;
; Maximum used               ; 4           ;
;                            ;             ;
; Usage by Processor         ; % Time Used ;
;     1 processor            ; 100.0%      ;
;     2-4 processors         ; < 0.1%      ;
+----------------------------+-------------+


+--------------+
; Pin-Out File ;
+--------------+
The pin-out file can be found in F:/VDHL preject for Schoolworks/game/SSP.pin.


+-------------------------------------------------------------------+
; Fitter Resource Usage Summary                                     ;
+---------------------------------------------+---------------------+
; Resource                                    ; Usage               ;
+---------------------------------------------+---------------------+
; Total logic elements                        ; 102 / 1,270 ( 8 % ) ;
;     -- Combinational with no register       ; 43                  ;
;     -- Register only                        ; 12                  ;
;     -- Combinational with a register        ; 47                  ;
;                                             ;                     ;
; Logic element usage by number of LUT inputs ;                     ;
;     -- 4 input functions                    ; 36                  ;
;     -- 3 input functions                    ; 25                  ;
;     -- 2 input functions                    ; 23                  ;
;     -- 1 input functions                    ; 6                   ;
;     -- 0 input functions                    ; 0                   ;
;                                             ;                     ;
; Logic elements by mode                      ;                     ;
;     -- normal mode                          ; 93                  ;
;     -- arithmetic mode                      ; 9                   ;
;     -- qfbk mode                            ; 11                  ;
;     -- register cascade mode                ; 0                   ;
;     -- synchronous clear/load mode          ; 27                  ;
;     -- asynchronous clear/load mode         ; 0                   ;
;                                             ;                     ;
; Total registers                             ; 59 / 1,270 ( 5 % )  ;
; Total LABs                                  ; 13 / 127 ( 10 % )   ;
; Logic elements in carry chains              ; 11                  ;
; User inserted logic elements                ; 0                   ;
; Virtual pins                                ; 0                   ;
; I/O pins                                    ; 22 / 116 ( 19 % )   ;
;     -- Clock pins                           ; 2                   ;
; Global signals                              ; 3                   ;
; UFM blocks                                  ; 0 / 1 ( 0 % )       ;
; Global clocks                               ; 3 / 4 ( 75 % )      ;
; JTAGs                                       ; 0 / 1 ( 0 % )       ;
; Average interconnect usage (total/H/V)      ; 3% / 3% / 3%        ;
; Peak interconnect usage (total/H/V)         ; 5% / 5% / 6%        ;
; Maximum fan-out node                        ; clk_in              ;
; Maximum fan-out                             ; 39                  ;
; Highest non-global fan-out signal           ; col_in[2]           ;
; Highest non-global fan-out                  ; 19                  ;
; Total fan-out                               ; 400                 ;
; Average fan-out                             ; 3.23                ;
+---------------------------------------------+---------------------+


+------------------------------------------------------------------------------------------------------------------------------------------------------------------------------------------------------------------+
; Input Pins                                                                                                                                                                                                       ;
+-----------+-------+----------+--------------+--------------+-------------+-----------------------+--------------------+--------+-----------------+----------+--------------+--------------+----------------------+
; Name      ; Pin # ; I/O Bank ; X coordinate ; Y coordinate ; Cell number ; Combinational Fan-Out ; Registered Fan-Out ; Global ; PCI I/O Enabled ; Bus Hold ; Weak Pull Up ; I/O Standard ; Location assigned by ;
+-----------+-------+----------+--------------+--------------+-------------+-----------------------+--------------------+--------+-----------------+----------+--------------+--------------+----------------------+
; clk_in    ; 18    ; 1        ; 0            ; 7            ; 5           ; 39                    ; 0                  ; yes    ; no              ; no       ; Off          ; 3.3-V LVTTL  ; User                 ;
; col_in[0] ; 117   ; 2        ; 11           ; 11           ; 1           ; 13                    ; 0                  ; no     ; no              ; no       ; Off          ; 3.3-V LVTTL  ; User                 ;
; col_in[1] ; 118   ; 2        ; 11           ; 11           ; 2           ; 15                    ; 0                  ; no     ; no              ; no       ; Off          ; 3.3-V LVTTL  ; User                 ;
; col_in[2] ; 119   ; 2        ; 11           ; 11           ; 3           ; 19                    ; 0                  ; no     ; no              ; no       ; Off          ; 3.3-V LVTTL  ; User                 ;
; col_in[3] ; 120   ; 2        ; 10           ; 11           ; 0           ; 17                    ; 0                  ; no     ; no              ; no       ; Off          ; 3.3-V LVTTL  ; User                 ;
+-----------+-------+----------+--------------+--------------+-------------+-----------------------+--------------------+--------+-----------------+----------+--------------+--------------+----------------------+


+---------------------------------------------------------------------------------------------------------------------------------------------------------------------------------------------------------------------------------------------------------------------------------+
; Output Pins                                                                                                                                                                                                                                                                     ;
+------------+-------+----------+--------------+--------------+-------------+-----------------+----------------+-----------------+------------+---------------+----------+--------------+--------------+------------------+------------------------+----------------------+-------+
; Name       ; Pin # ; I/O Bank ; X coordinate ; Y coordinate ; Cell number ; Output Register ; Slow Slew Rate ; PCI I/O Enabled ; Open Drain ; TRI Primitive ; Bus Hold ; Weak Pull Up ; I/O Standard ; Current Strength ; Fast Output Connection ; Location assigned by ; Load  ;
+------------+-------+----------+--------------+--------------+-------------+-----------------+----------------+-----------------+------------+---------------+----------+--------------+--------------+------------------+------------------------+----------------------+-------+
; a_s[0]     ; 130   ; 2        ; 8            ; 11           ; 1           ; no              ; no             ; no              ; no         ; no            ; no       ; Off          ; 3.3-V LVTTL  ; 16mA             ; no                     ; Fitter               ; 10 pF ;
; a_s[1]     ; 60    ; 4        ; 9            ; 3            ; 0           ; no              ; no             ; no              ; no         ; no            ; no       ; Off          ; 3.3-V LVTTL  ; 16mA             ; no                     ; Fitter               ; 10 pF ;
; a_score[0] ; 108   ; 3        ; 17           ; 10           ; 4           ; no              ; no             ; no              ; no         ; no            ; no       ; Off          ; 3.3-V LVTTL  ; 16mA             ; no                     ; Fitter               ; 10 pF ;
; a_score[1] ; 37    ; 4        ; 1            ; 3            ; 0           ; no              ; no             ; no              ; no         ; no            ; no       ; Off          ; 3.3-V LVTTL  ; 16mA             ; no                     ; Fitter               ; 10 pF ;
; b_s[0]     ; 89    ; 3        ; 17           ; 5            ; 1           ; no              ; no             ; no              ; no         ; no            ; no       ; Off          ; 3.3-V LVTTL  ; 16mA             ; no                     ; Fitter               ; 10 pF ;
; b_s[1]     ; 27    ; 1        ; 0            ; 6            ; 5           ; no              ; no             ; no              ; no         ; no            ; no       ; Off          ; 3.3-V LVTTL  ; 16mA             ; no                     ; Fitter               ; 10 pF ;
; b_score[0] ; 125   ; 2        ; 9            ; 11           ; 2           ; no              ; no             ; no              ; no         ; no            ; no       ; Off          ; 3.3-V LVTTL  ; 16mA             ; yes                    ; Fitter               ; 10 pF ;
; b_score[1] ; 127   ; 2        ; 9            ; 11           ; 3           ; no              ; no             ; no              ; no         ; no            ; no       ; Off          ; 3.3-V LVTTL  ; 16mA             ; yes                    ; Fitter               ; 10 pF ;
; g_s[0]     ; 57    ; 4        ; 8            ; 3            ; 0           ; no              ; no             ; no              ; no         ; no            ; no       ; Off          ; 3.3-V LVTTL  ; 16mA             ; no                     ; Fitter               ; 10 pF ;
; g_s[1]     ; 86    ; 3        ; 17           ; 5            ; 4           ; no              ; no             ; no              ; no         ; no            ; no       ; Off          ; 3.3-V LVTTL  ; 16mA             ; no                     ; Fitter               ; 10 pF ;
; g_s[2]     ; 72    ; 4        ; 16           ; 0            ; 0           ; no              ; no             ; no              ; no         ; no            ; no       ; Off          ; 3.3-V LVTTL  ; 16mA             ; no                     ; Fitter               ; 10 pF ;
; result[0]  ; 110   ; 2        ; 16           ; 11           ; 2           ; no              ; no             ; no              ; no         ; no            ; no       ; Off          ; 3.3-V LVTTL  ; 16mA             ; no                     ; Fitter               ; 10 pF ;
; result[1]  ; 84    ; 3        ; 17           ; 4            ; 0           ; no              ; no             ; no              ; no         ; no            ; no       ; Off          ; 3.3-V LVTTL  ; 16mA             ; no                     ; Fitter               ; 10 pF ;
; row_out[0] ; 111   ; 2        ; 15           ; 11           ; 0           ; no              ; no             ; no              ; no         ; no            ; no       ; Off          ; 3.3-V LVTTL  ; 16mA             ; no                     ; User                 ; 10 pF ;
; row_out[1] ; 112   ; 2        ; 14           ; 11           ; 1           ; no              ; no             ; no              ; no         ; no            ; no       ; Off          ; 3.3-V LVTTL  ; 16mA             ; no                     ; User                 ; 10 pF ;
; row_out[2] ; 113   ; 2        ; 13           ; 11           ; 1           ; no              ; no             ; no              ; no         ; no            ; no       ; Off          ; 3.3-V LVTTL  ; 16mA             ; no                     ; User                 ; 10 pF ;
; row_out[3] ; 114   ; 2        ; 12           ; 11           ; 1           ; no              ; no             ; no              ; no         ; no            ; no       ; Off          ; 3.3-V LVTTL  ; 16mA             ; no                     ; User                 ; 10 pF ;
+------------+-------+----------+--------------+--------------+-------------+-----------------+----------------+-----------------+------------+---------------+----------+--------------+--------------+------------------+------------------------+----------------------+-------+


+------------------------------------------------------------+
; I/O Bank Usage                                             ;
+----------+------------------+---------------+--------------+
; I/O Bank ; Usage            ; VCCIO Voltage ; VREF Voltage ;
+----------+------------------+---------------+--------------+
; 1        ; 2 / 26 ( 8 % )   ; 3.3V          ; --           ;
; 2        ; 12 / 30 ( 40 % ) ; 3.3V          ; --           ;
; 3        ; 4 / 30 ( 13 % )  ; 3.3V          ; --           ;
; 4        ; 4 / 30 ( 13 % )  ; 3.3V          ; --           ;
+----------+------------------+---------------+--------------+


+------------------------------------------------------------------------------------------------------------------------------------------------+
; All Package Pins                                                                                                                               ;
+----------+------------+----------+----------------+--------+--------------+-----------+------------+-----------------+----------+--------------+
; Location ; Pad Number ; I/O Bank ; Pin Name/Usage ; Dir.   ; I/O Standard ; Voltage   ; I/O Type   ; User Assignment ; Bus Hold ; Weak Pull Up ;
+----------+------------+----------+----------------+--------+--------------+-----------+------------+-----------------+----------+--------------+
; 1        ; 2          ; 1        ; GND*           ;        ;              ;           ; Row I/O    ;                 ; no       ; Off          ;
; 2        ; 3          ; 1        ; GND*           ;        ;              ;           ; Row I/O    ;                 ; no       ; Off          ;
; 3        ; 5          ; 1        ; GND*           ;        ;              ;           ; Row I/O    ;                 ; no       ; Off          ;
; 4        ; 7          ; 1        ; GND*           ;        ;              ;           ; Row I/O    ;                 ; no       ; Off          ;
; 5        ; 9          ; 1        ; GND*           ;        ;              ;           ; Row I/O    ;                 ; no       ; Off          ;
; 6        ; 10         ; 1        ; GND*           ;        ;              ;           ; Row I/O    ;                 ; no       ; Off          ;
; 7        ; 14         ; 1        ; GND*           ;        ;              ;           ; Row I/O    ;                 ; no       ; Off          ;
; 8        ; 15         ; 1        ; GND*           ;        ;              ;           ; Row I/O    ;                 ; no       ; Off          ;
; 9        ;            ; 1        ; VCCIO1         ; power  ;              ; 3.3V      ; --         ;                 ; --       ; --           ;
; 10       ;            ;          ; GNDIO          ; gnd    ;              ;           ; --         ;                 ; --       ; --           ;
; 11       ; 20         ; 1        ; GND*           ;        ;              ;           ; Row I/O    ;                 ; no       ; Off          ;
; 12       ; 21         ; 1        ; GND*           ;        ;              ;           ; Row I/O    ;                 ; no       ; Off          ;
; 13       ; 22         ; 1        ; GND*           ;        ;              ;           ; Row I/O    ;                 ; no       ; Off          ;
; 14       ; 23         ; 1        ; GND*           ;        ;              ;           ; Row I/O    ;                 ; no       ; Off          ;
; 15       ; 24         ; 1        ; GND*           ;        ;              ;           ; Row I/O    ;                 ; no       ; Off          ;
; 16       ; 25         ; 1        ; GND*           ;        ;              ;           ; Row I/O    ;                 ; no       ; Off          ;
; 17       ;            ;          ; GNDINT         ; gnd    ;              ;           ; --         ;                 ; --       ; --           ;
; 18       ; 26         ; 1        ; clk_in         ; input  ; 3.3-V LVTTL  ;           ; Row I/O    ; Y               ; no       ; Off          ;
; 19       ;            ;          ; VCCINT         ; power  ;              ; 2.5V/3.3V ; --         ;                 ; --       ; --           ;
; 20       ; 27         ; 1        ; GND*           ;        ;              ;           ; Row I/O    ;                 ; no       ; Off          ;
; 21       ; 28         ; 1        ; GND*           ;        ;              ;           ; Row I/O    ;                 ; no       ; Off          ;
; 22       ; 29         ; 1        ; GND*           ;        ;              ;           ; Row I/O    ;                 ; no       ; Off          ;
; 23       ; 30         ; 1        ; GND*           ;        ;              ;           ; Row I/O    ;                 ; no       ; Off          ;
; 24       ; 31         ; 1        ; GND*           ;        ;              ;           ; Row I/O    ;                 ; no       ; Off          ;
; 25       ;            ; 1        ; VCCIO1         ; power  ;              ; 3.3V      ; --         ;                 ; --       ; --           ;
; 26       ;            ;          ; GNDIO          ; gnd    ;              ;           ; --         ;                 ; --       ; --           ;
; 27       ; 33         ; 1        ; b_s[1]         ; output ; 3.3-V LVTTL  ;           ; Row I/O    ; N               ; no       ; Off          ;
; 28       ; 36         ; 1        ; GND*           ;        ;              ;           ; Row I/O    ;                 ; no       ; Off          ;
; 29       ; 37         ; 1        ; GND*           ;        ;              ;           ; Row I/O    ;                 ; no       ; Off          ;
; 30       ; 41         ; 1        ; GND*           ;        ;              ;           ; Row I/O    ;                 ; no       ; Off          ;
; 31       ; 44         ; 1        ; GND*           ;        ;              ;           ; Row I/O    ;                 ; no       ; Off          ;
; 32       ; 47         ; 1        ; GND*           ;        ;              ;           ; Row I/O    ;                 ; no       ; Off          ;
; 33       ; 50         ; 1        ; #TMS           ; input  ;              ;           ; --         ;                 ; --       ; --           ;
; 34       ; 51         ; 1        ; #TDI           ; input  ;              ;           ; --         ;                 ; --       ; --           ;
; 35       ; 52         ; 1        ; #TCK           ; input  ;              ;           ; --         ;                 ; --       ; --           ;
; 36       ; 53         ; 1        ; #TDO           ; output ;              ;           ; --         ;                 ; --       ; --           ;
; 37       ; 56         ; 4        ; a_score[1]     ; output ; 3.3-V LVTTL  ;           ; Column I/O ; N               ; no       ; Off          ;
; 38       ; 57         ; 4        ; GND*           ;        ;              ;           ; Column I/O ;                 ; no       ; Off          ;
; 39       ; 60         ; 4        ; GND*           ;        ;              ;           ; Column I/O ;                 ; no       ; Off          ;
; 40       ; 62         ; 4        ; GND*           ;        ;              ;           ; Column I/O ;                 ; no       ; Off          ;
; 41       ; 63         ; 4        ; GND*           ;        ;              ;           ; Column I/O ;                 ; no       ; Off          ;
; 42       ; 67         ; 4        ; GND*           ;        ;              ;           ; Column I/O ;                 ; no       ; Off          ;
; 43       ; 68         ; 4        ; GND*           ;        ;              ;           ; Column I/O ;                 ; no       ; Off          ;
; 44       ; 69         ; 4        ; GND*           ;        ;              ;           ; Column I/O ;                 ; no       ; Off          ;
; 45       ; 74         ; 4        ; GND*           ;        ;              ;           ; Column I/O ;                 ; no       ; Off          ;
; 46       ;            ; 4        ; VCCIO4         ; power  ;              ; 3.3V      ; --         ;                 ; --       ; --           ;
; 47       ;            ;          ; GNDIO          ; gnd    ;              ;           ; --         ;                 ; --       ; --           ;
; 48       ; 75         ; 4        ; GND*           ;        ;              ;           ; Column I/O ;                 ; no       ; Off          ;
; 49       ; 76         ; 4        ; GND*           ;        ;              ;           ; Column I/O ;                 ; no       ; Off          ;
; 50       ; 77         ; 4        ; GND*           ;        ;              ;           ; Column I/O ;                 ; no       ; Off          ;
; 51       ; 78         ; 4        ; GND*           ;        ;              ;           ; Column I/O ;                 ; no       ; Off          ;
; 52       ; 79         ; 4        ; GND*           ;        ;              ;           ; Column I/O ;                 ; no       ; Off          ;
; 53       ; 80         ; 4        ; GND*           ;        ;              ;           ; Column I/O ;                 ; no       ; Off          ;
; 54       ;            ;          ; GNDINT         ; gnd    ;              ;           ; --         ;                 ; --       ; --           ;
; 55       ; 81         ; 4        ; GND*           ;        ;              ;           ; Column I/O ;                 ; no       ; Off          ;
; 56       ;            ;          ; VCCINT         ; power  ;              ; 2.5V/3.3V ; --         ;                 ; --       ; --           ;
; 57       ; 82         ; 4        ; g_s[0]         ; output ; 3.3-V LVTTL  ;           ; Column I/O ; N               ; no       ; Off          ;
; 58       ; 83         ; 4        ; GND*           ;        ;              ;           ; Column I/O ;                 ; no       ; Off          ;
; 59       ; 84         ; 4        ; GND*           ;        ;              ;           ; Column I/O ;                 ; no       ; Off          ;
; 60       ; 85         ; 4        ; a_s[1]         ; output ; 3.3-V LVTTL  ;           ; Column I/O ; N               ; no       ; Off          ;
; 61       ; 86         ; 4        ; GND*           ;        ;              ;           ; Column I/O ;                 ; no       ; Off          ;
; 62       ; 87         ; 4        ; GND*           ;        ;              ;           ; Column I/O ;                 ; no       ; Off          ;
; 63       ; 88         ; 4        ; GND*           ;        ;              ;           ; Column I/O ;                 ; no       ; Off          ;
; 64       ;            ; 4        ; VCCIO4         ; power  ;              ; 3.3V      ; --         ;                 ; --       ; --           ;
; 65       ;            ;          ; GNDIO          ; gnd    ;              ;           ; --         ;                 ; --       ; --           ;
; 66       ; 91         ; 4        ; GND*           ;        ;              ;           ; Column I/O ;                 ; no       ; Off          ;
; 67       ; 92         ; 4        ; GND*           ;        ;              ;           ; Column I/O ;                 ; no       ; Off          ;
; 68       ; 95         ; 4        ; GND*           ;        ;              ;           ; Column I/O ;                 ; no       ; Off          ;
; 69       ; 98         ; 4        ; GND*           ;        ;              ;           ; Column I/O ;                 ; no       ; Off          ;
; 70       ; 101        ; 4        ; GND*           ;        ;              ;           ; Column I/O ;                 ; no       ; Off          ;
; 71       ; 104        ; 4        ; GND*           ;        ;              ;           ; Column I/O ;                 ; no       ; Off          ;
; 72       ; 107        ; 4        ; g_s[2]         ; output ; 3.3-V LVTTL  ;           ; Column I/O ; N               ; no       ; Off          ;
; 73       ; 111        ; 3        ; GND*           ;        ;              ;           ; Row I/O    ;                 ; no       ; Off          ;
; 74       ; 112        ; 3        ; GND*           ;        ;              ;           ; Row I/O    ;                 ; no       ; Off          ;
; 75       ; 113        ; 3        ; GND*           ;        ;              ;           ; Row I/O    ;                 ; no       ; Off          ;
; 76       ; 115        ; 3        ; GND*           ;        ;              ;           ; Row I/O    ;                 ; no       ; Off          ;
; 77       ; 118        ; 3        ; GND*           ;        ;              ;           ; Row I/O    ;                 ; no       ; Off          ;
; 78       ; 122        ; 3        ; GND*           ;        ;              ;           ; Row I/O    ;                 ; no       ; Off          ;
; 79       ; 123        ; 3        ; GND*           ;        ;              ;           ; Row I/O    ;                 ; no       ; Off          ;
; 80       ; 124        ; 3        ; GND*           ;        ;              ;           ; Row I/O    ;                 ; no       ; Off          ;
; 81       ; 127        ; 3        ; GND*           ;        ;              ;           ; Row I/O    ;                 ; no       ; Off          ;
; 82       ;            ; 3        ; VCCIO3         ; power  ;              ; 3.3V      ; --         ;                 ; --       ; --           ;
; 83       ;            ;          ; GNDIO          ; gnd    ;              ;           ; --         ;                 ; --       ; --           ;
; 84       ; 129        ; 3        ; result[1]      ; output ; 3.3-V LVTTL  ;           ; Row I/O    ; N               ; no       ; Off          ;
; 85       ; 130        ; 3        ; GND*           ;        ;              ;           ; Row I/O    ;                 ; no       ; Off          ;
; 86       ; 131        ; 3        ; g_s[1]         ; output ; 3.3-V LVTTL  ;           ; Row I/O    ; N               ; no       ; Off          ;
; 87       ; 132        ; 3        ; GND*           ;        ;              ;           ; Row I/O    ;                 ; no       ; Off          ;
; 88       ; 133        ; 3        ; GND*           ;        ;              ;           ; Row I/O    ;                 ; no       ; Off          ;
; 89       ; 134        ; 3        ; b_s[0]         ; output ; 3.3-V LVTTL  ;           ; Row I/O    ; N               ; no       ; Off          ;
; 90       ;            ;          ; VCCINT         ; power  ;              ; 2.5V/3.3V ; --         ;                 ; --       ; --           ;
; 91       ; 135        ; 3        ; GND*           ;        ;              ;           ; Row I/O    ;                 ; no       ; Off          ;
; 92       ;            ;          ; GNDINT         ; gnd    ;              ;           ; --         ;                 ; --       ; --           ;
; 93       ; 136        ; 3        ; GND*           ;        ;              ;           ; Row I/O    ;                 ; no       ; Off          ;
; 94       ; 137        ; 3        ; GND*           ;        ;              ;           ; Row I/O    ;                 ; no       ; Off          ;
; 95       ; 138        ; 3        ; GND*           ;        ;              ;           ; Row I/O    ;                 ; no       ; Off          ;
; 96       ; 139        ; 3        ; GND*           ;        ;              ;           ; Row I/O    ;                 ; no       ; Off          ;
; 97       ; 140        ; 3        ; GND*           ;        ;              ;           ; Row I/O    ;                 ; no       ; Off          ;
; 98       ; 141        ; 3        ; GND*           ;        ;              ;           ; Row I/O    ;                 ; no       ; Off          ;
; 99       ;            ;          ; GNDIO          ; gnd    ;              ;           ; --         ;                 ; --       ; --           ;
; 100      ;            ; 3        ; VCCIO3         ; power  ;              ; 3.3V      ; --         ;                 ; --       ; --           ;
; 101      ; 142        ; 3        ; GND*           ;        ;              ;           ; Row I/O    ;                 ; no       ; Off          ;
; 102      ; 146        ; 3        ; GND*           ;        ;              ;           ; Row I/O    ;                 ; no       ; Off          ;
; 103      ; 147        ; 3        ; GND*           ;        ;              ;           ; Row I/O    ;                 ; no       ; Off          ;
; 104      ; 151        ; 3        ; GND*           ;        ;              ;           ; Row I/O    ;                 ; no       ; Off          ;
; 105      ; 152        ; 3        ; GND*           ;        ;              ;           ; Row I/O    ;                 ; no       ; Off          ;
; 106      ; 154        ; 3        ; GND*           ;        ;              ;           ; Row I/O    ;                 ; no       ; Off          ;
; 107      ; 156        ; 3        ; GND*           ;        ;              ;           ; Row I/O    ;                 ; no       ; Off          ;
; 108      ; 158        ; 3        ; a_score[0]     ; output ; 3.3-V LVTTL  ;           ; Row I/O    ; N               ; no       ; Off          ;
; 109      ; 164        ; 2        ; GND*           ;        ;              ;           ; Column I/O ;                 ; no       ; Off          ;
; 110      ; 165        ; 2        ; result[0]      ; output ; 3.3-V LVTTL  ;           ; Column I/O ; N               ; no       ; Off          ;
; 111      ; 166        ; 2        ; row_out[0]     ; output ; 3.3-V LVTTL  ;           ; Column I/O ; Y               ; no       ; Off          ;
; 112      ; 171        ; 2        ; row_out[1]     ; output ; 3.3-V LVTTL  ;           ; Column I/O ; Y               ; no       ; Off          ;
; 113      ; 174        ; 2        ; row_out[2]     ; output ; 3.3-V LVTTL  ;           ; Column I/O ; Y               ; no       ; Off          ;
; 114      ; 177        ; 2        ; row_out[3]     ; output ; 3.3-V LVTTL  ;           ; Column I/O ; Y               ; no       ; Off          ;
; 115      ;            ;          ; GNDIO          ; gnd    ;              ;           ; --         ;                 ; --       ; --           ;
; 116      ;            ; 2        ; VCCIO2         ; power  ;              ; 3.3V      ; --         ;                 ; --       ; --           ;
; 117      ; 180        ; 2        ; col_in[0]      ; input  ; 3.3-V LVTTL  ;           ; Column I/O ; Y               ; no       ; Off          ;
; 118      ; 181        ; 2        ; col_in[1]      ; input  ; 3.3-V LVTTL  ;           ; Column I/O ; Y               ; no       ; Off          ;
; 119      ; 182        ; 2        ; col_in[2]      ; input  ; 3.3-V LVTTL  ;           ; Column I/O ; Y               ; no       ; Off          ;
; 120      ; 183        ; 2        ; col_in[3]      ; input  ; 3.3-V LVTTL  ;           ; Column I/O ; Y               ; no       ; Off          ;
; 121      ; 184        ; 2        ; GND*           ;        ;              ;           ; Column I/O ;                 ; no       ; Off          ;
; 122      ; 185        ; 2        ; GND*           ;        ;              ;           ; Column I/O ;                 ; no       ; Off          ;
; 123      ; 186        ; 2        ; GND*           ;        ;              ;           ; Column I/O ;                 ; no       ; Off          ;
; 124      ; 187        ; 2        ; GND*           ;        ;              ;           ; Column I/O ;                 ; no       ; Off          ;
; 125      ; 188        ; 2        ; b_score[0]     ; output ; 3.3-V LVTTL  ;           ; Column I/O ; N               ; no       ; Off          ;
; 126      ;            ;          ; VCCINT         ; power  ;              ; 2.5V/3.3V ; --         ;                 ; --       ; --           ;
; 127      ; 189        ; 2        ; b_score[1]     ; output ; 3.3-V LVTTL  ;           ; Column I/O ; N               ; no       ; Off          ;
; 128      ;            ;          ; GNDINT         ; gnd    ;              ;           ; --         ;                 ; --       ; --           ;
; 129      ; 190        ; 2        ; GND*           ;        ;              ;           ; Column I/O ;                 ; no       ; Off          ;
; 130      ; 191        ; 2        ; a_s[0]         ; output ; 3.3-V LVTTL  ;           ; Column I/O ; N               ; no       ; Off          ;
; 131      ; 192        ; 2        ; GND*           ;        ;              ;           ; Column I/O ;                 ; no       ; Off          ;
; 132      ; 193        ; 2        ; GND*           ;        ;              ;           ; Column I/O ;                 ; no       ; Off          ;
; 133      ; 194        ; 2        ; GND*           ;        ;              ;           ; Column I/O ;                 ; no       ; Off          ;
; 134      ; 195        ; 2        ; GND*           ;        ;              ;           ; Column I/O ;                 ; no       ; Off          ;
; 135      ;            ;          ; GNDIO          ; gnd    ;              ;           ; --         ;                 ; --       ; --           ;
; 136      ;            ; 2        ; VCCIO2         ; power  ;              ; 3.3V      ; --         ;                 ; --       ; --           ;
; 137      ; 199        ; 2        ; GND*           ;        ;              ;           ; Column I/O ;                 ; no       ; Off          ;
; 138      ; 200        ; 2        ; GND*           ;        ;              ;           ; Column I/O ;                 ; no       ; Off          ;
; 139      ; 201        ; 2        ; GND*           ;        ;              ;           ; Column I/O ;                 ; no       ; Off          ;
; 140      ; 204        ; 2        ; GND*           ;        ;              ;           ; Column I/O ;                 ; no       ; Off          ;
; 141      ; 205        ; 2        ; GND*           ;        ;              ;           ; Column I/O ;                 ; no       ; Off          ;
; 142      ; 208        ; 2        ; GND*           ;        ;              ;           ; Column I/O ;                 ; no       ; Off          ;
; 143      ; 212        ; 2        ; GND*           ;        ;              ;           ; Column I/O ;                 ; no       ; Off          ;
; 144      ; 215        ; 2        ; GND*           ;        ;              ;           ; Column I/O ;                 ; no       ; Off          ;
+----------+------------+----------+----------------+--------+--------------+-----------+------------+-----------------+----------+--------------+
Note: Pin directions (input, output or bidir) are based on device operating in user mode.


+-------------------------------------------------------------+
; Output Pin Default Load For Reported TCO                    ;
+----------------------------+-------+------------------------+
; I/O Standard               ; Load  ; Termination Resistance ;
+----------------------------+-------+------------------------+
; 3.3-V LVTTL                ; 10 pF ; Not Available          ;
; 3.3-V LVCMOS               ; 10 pF ; Not Available          ;
; 2.5 V                      ; 10 pF ; Not Available          ;
; 1.8 V                      ; 10 pF ; Not Available          ;
; 1.5 V                      ; 10 pF ; Not Available          ;
; 3.3V Schmitt Trigger Input ; 10 pF ; Not Available          ;
; 2.5V Schmitt Trigger Input ; 10 pF ; Not Available          ;
; 3.3-V PCI                  ; 10 pF ; 25 Ohm (Parallel)      ;
+----------------------------+-------+------------------------+
Note: User assignments will override these defaults. The user specified values are listed in the Output Pins and Bidir Pins tables.


+-----------------------------------------------------------------------------------------------------------------------------------------------------------------------------------------------------------------------------+
; Fitter Resource Utilization by Entity                                                                                                                                                                                       ;
+----------------------------+-------------+--------------+------------+------+--------------+--------------+-------------------+------------------+-----------------+------------+----------------------------+--------------+
; Compilation Hierarchy Node ; Logic Cells ; LC Registers ; UFM Blocks ; Pins ; Virtual Pins ; LUT-Only LCs ; Register-Only LCs ; LUT/Register LCs ; Carry Chain LCs ; Packed LCs ; Full Hierarchy Name        ; Library Name ;
+----------------------------+-------------+--------------+------------+------+--------------+--------------+-------------------+------------------+-----------------+------------+----------------------------+--------------+
; |SSP                       ; 102 (0)     ; 59           ; 0          ; 22   ; 0            ; 43 (0)       ; 12 (0)            ; 47 (0)           ; 11 (0)          ; 11 (0)     ; |SSP                       ; work         ;
;    |frequency_division:U1| ; 12 (12)     ; 7            ; 0          ; 0    ; 0            ; 5 (5)        ; 2 (2)             ; 5 (5)            ; 5 (5)           ; 1 (1)      ; |SSP|frequency_division:U1 ; work         ;
;    |judge:U6|              ; 17 (17)     ; 12           ; 0          ; 0    ; 0            ; 5 (5)        ; 0 (0)             ; 12 (12)          ; 0 (0)           ; 5 (5)      ; |SSP|judge:U6              ; work         ;
;    |prevent_shake:U3|      ; 13 (13)     ; 12           ; 0          ; 0    ; 0            ; 1 (1)        ; 5 (5)             ; 7 (7)            ; 0 (0)           ; 5 (5)      ; |SSP|prevent_shake:U3      ; work         ;
;    |prevent_shake:U7|      ; 17 (17)     ; 14           ; 0          ; 0    ; 0            ; 3 (3)        ; 5 (5)             ; 9 (9)            ; 6 (6)           ; 0 (0)      ; |SSP|prevent_shake:U7      ; work         ;
;    |translate:U2|          ; 43 (43)     ; 14           ; 0          ; 0    ; 0            ; 29 (29)      ; 0 (0)             ; 14 (14)          ; 0 (0)           ; 0 (0)      ; |SSP|translate:U2          ; work         ;
+----------------------------+-------------+--------------+------------+------+--------------+--------------+-------------------+------------------+-----------------+------------+----------------------------+--------------+
Note: For table entries with two numbers listed, the numbers in parentheses indicate the number of resources of the given type used by the specific entity alone. The numbers listed outside of parentheses indicate the total resources of the given type used by the specific entity and all of its sub-entities in the hierarchy.


+---------------------------------------+
; Delay Chain Summary                   ;
+------------+----------+---------------+
; Name       ; Pin Type ; Pad to Core 0 ;
+------------+----------+---------------+
; clk_in     ; Input    ; 0             ;
; col_in[1]  ; Input    ; 1             ;
; col_in[3]  ; Input    ; 1             ;
; col_in[2]  ; Input    ; 1             ;
; col_in[0]  ; Input    ; 1             ;
; row_out[0] ; Output   ; --            ;
; row_out[1] ; Output   ; --            ;
; row_out[2] ; Output   ; --            ;
; row_out[3] ; Output   ; --            ;
; a_score[0] ; Output   ; --            ;
; a_score[1] ; Output   ; --            ;
; b_score[0] ; Output   ; --            ;
; b_score[1] ; Output   ; --            ;
; result[0]  ; Output   ; --            ;
; result[1]  ; Output   ; --            ;
; g_s[0]     ; Output   ; --            ;
; g_s[1]     ; Output   ; --            ;
; g_s[2]     ; Output   ; --            ;
; a_s[0]     ; Output   ; --            ;
; a_s[1]     ; Output   ; --            ;
; b_s[0]     ; Output   ; --            ;
; b_s[1]     ; Output   ; --            ;
+------------+----------+---------------+


+------------------------------------------------------------------------------------------------------------------------------------------------+
; Control Signals                                                                                                                                ;
+-----------------------------------------+--------------+---------+--------------------------+--------+----------------------+------------------+
; Name                                    ; Location     ; Fan-Out ; Usage                    ; Global ; Global Resource Used ; Global Line Name ;
+-----------------------------------------+--------------+---------+--------------------------+--------+----------------------+------------------+
; clk_in                                  ; PIN_18       ; 39      ; Clock                    ; yes    ; Global Clock         ; GCLK0            ;
; frequency_division:U1|clk_out_f         ; LC_X9_Y6_N4  ; 14      ; Clock                    ; yes    ; Global Clock         ; GCLK2            ;
; judge:U6|a_score_j[0]~5                 ; LC_X10_Y4_N8 ; 6       ; Clock enable             ; no     ; --                   ; --               ;
; judge:U6|result_tmp[1]~5                ; LC_X11_Y6_N0 ; 2       ; Clock enable             ; no     ; --                   ; --               ;
; prevent_shake:U3|a_select_in_p_tmp[0]~2 ; LC_X11_Y4_N5 ; 9       ; Clock enable             ; no     ; --                   ; --               ;
; prevent_shake:U3|b_ok_out_p             ; LC_X11_Y6_N8 ; 6       ; Clock                    ; yes    ; Global Clock         ; GCLK3            ;
; prevent_shake:U7|Equal0~1               ; LC_X9_Y5_N9  ; 13      ; Clock enable             ; no     ; --                   ; --               ;
; prevent_shake:U7|counter_p[3]~24        ; LC_X11_Y4_N0 ; 6       ; Sync. clear              ; no     ; --                   ; --               ;
; translate:U2|counter[0]                 ; LC_X12_Y8_N7 ; 12      ; Clock enable, Sync. load ; no     ; --                   ; --               ;
; translate:U2|counter[1]                 ; LC_X12_Y8_N3 ; 13      ; Sync. load               ; no     ; --                   ; --               ;
+-----------------------------------------+--------------+---------+--------------------------+--------+----------------------+------------------+


+----------------------------------------------------------------------------------------------------+
; Global & Other Fast Signals                                                                        ;
+---------------------------------+--------------+---------+----------------------+------------------+
; Name                            ; Location     ; Fan-Out ; Global Resource Used ; Global Line Name ;
+---------------------------------+--------------+---------+----------------------+------------------+
; clk_in                          ; PIN_18       ; 39      ; Global Clock         ; GCLK0            ;
; frequency_division:U1|clk_out_f ; LC_X9_Y6_N4  ; 14      ; Global Clock         ; GCLK2            ;
; prevent_shake:U3|b_ok_out_p     ; LC_X11_Y6_N8 ; 6       ; Global Clock         ; GCLK3            ;
+---------------------------------+--------------+---------+----------------------+------------------+


+---------------------------------------------------+
; Non-Global High Fan-Out Signals                   ;
+-----------------------------------------+---------+
; Name                                    ; Fan-Out ;
+-----------------------------------------+---------+
; col_in[2]                               ; 19      ;
; col_in[3]                               ; 17      ;
; col_in[1]                               ; 15      ;
; col_in[0]                               ; 13      ;
; prevent_shake:U7|Equal0~1               ; 13      ;
; translate:U2|counter[1]                 ; 13      ;
; translate:U2|counter[0]                 ; 12      ;
; prevent_shake:U3|a_select_in_p_tmp[0]~2 ; 9       ;
; prevent_shake:U3|start_out_p            ; 7       ;
; prevent_shake:U7|counter_p[3]~24        ; 6       ;
; translate:U2|b_select_out_t[1]          ; 6       ;
; prevent_shake:U3|a_select_out_p[0]      ; 6       ;
; prevent_shake:U3|a_select_out_p[1]      ; 6       ;
; prevent_shake:U3|b_select_out_p[0]      ; 6       ;
; prevent_shake:U3|b_select_out_p[1]      ; 6       ;
; judge:U6|a_score_j[0]~5                 ; 6       ;
; translate:U2|Mux7~1                     ; 5       ;
; frequency_division:U1|counter_f[4]      ; 5       ;
; translate:U2|a_select_out_t[1]          ; 5       ;
; translate:U2|b_select_out_t[0]          ; 5       ;
; translate:U2|a_select_out_t[0]          ; 5       ;
; frequency_division:U1|Equal0~0          ; 4       ;
; translate:U2|b_ok_out_t                 ; 4       ;
; translate:U2|a_ok_out_t                 ; 4       ;
; judge:U6|b_score_tmp[1]                 ; 4       ;
; judge:U6|b_score_tmp[0]                 ; 4       ;
; judge:U6|a_score_tmp[1]                 ; 4       ;
; judge:U6|a_score_tmp[0]                 ; 4       ;
; translate:U2|Mux10~1                    ; 3       ;
; translate:U2|Mux16~0                    ; 3       ;
; prevent_shake:U7|b_select_in_p_tmp[1]   ; 3       ;
; translate:U2|start_out_t                ; 3       ;
; translate:U2|show_out_t                 ; 3       ;
; translate:U2|ready_out_t                ; 3       ;
; prevent_shake:U7|b_select_in_p_tmp[0]   ; 3       ;
; translate:U2|Mux0~0                     ; 3       ;
; translate:U2|Mux18~0                    ; 2       ;
; translate:U2|start_out_t~3              ; 2       ;
; translate:U2|start_out_t~0              ; 2       ;
; translate:U2|Mux12~1                    ; 2       ;
; frequency_division:U1|counter_f[3]      ; 2       ;
; frequency_division:U1|counter_f[0]      ; 2       ;
; frequency_division:U1|counter_f[2]      ; 2       ;
; prevent_shake:U3|process_0~15           ; 2       ;
; prevent_shake:U7|a_select_in_p_tmp[1]   ; 2       ;
; prevent_shake:U3|b_ok_in_p_tmp          ; 2       ;
; prevent_shake:U7|a_select_in_p_tmp[0]   ; 2       ;
; judge:U6|result_tmp[1]~5                ; 2       ;
; prevent_shake:U3|show_in_p_tmp          ; 2       ;
; prevent_shake:U3|start_in_p_tmp         ; 2       ;
+-----------------------------------------+---------+


+---------------------------------------------------+
; Interconnect Usage Summary                        ;
+----------------------------+----------------------+
; Interconnect Resource Type ; Usage                ;
+----------------------------+----------------------+
; C4s                        ; 88 / 2,870 ( 3 % )   ;
; Direct links               ; 12 / 3,938 ( < 1 % ) ;
; Global clocks              ; 3 / 4 ( 75 % )       ;
; LAB clocks                 ; 11 / 72 ( 15 % )     ;
; LUT chains                 ; 8 / 1,143 ( < 1 % )  ;
; Local interconnects        ; 142 / 3,938 ( 4 % )  ;
; R4s                        ; 84 / 2,832 ( 3 % )   ;
+----------------------------+----------------------+


+---------------------------------------------------------------------------+
; LAB Logic Elements                                                        ;
+--------------------------------------------+------------------------------+
; Number of Logic Elements  (Average = 7.85) ; Number of LABs  (Total = 13) ;
+--------------------------------------------+------------------------------+
; 1                                          ; 1                            ;
; 2                                          ; 1                            ;
; 3                                          ; 0                            ;
; 4                                          ; 1                            ;
; 5                                          ; 1                            ;
; 6                                          ; 0                            ;
; 7                                          ; 0                            ;
; 8                                          ; 0                            ;
; 9                                          ; 0                            ;
; 10                                         ; 9                            ;
+--------------------------------------------+------------------------------+


+-------------------------------------------------------------------+
; LAB-wide Signals                                                  ;
+------------------------------------+------------------------------+
; LAB-wide Signals  (Average = 1.77) ; Number of LABs  (Total = 13) ;
+------------------------------------+------------------------------+
; 1 Clock                            ; 9                            ;
; 1 Clock enable                     ; 3                            ;
; 1 Sync. clear                      ; 1                            ;
; 1 Sync. load                       ; 3                            ;
; 2 Clock enables                    ; 3                            ;
; 2 Clocks                           ; 4                            ;
+------------------------------------+------------------------------+


+----------------------------------------------------------------------------+
; LAB Signals Sourced                                                        ;
+---------------------------------------------+------------------------------+
; Number of Signals Sourced  (Average = 8.62) ; Number of LABs  (Total = 13) ;
+---------------------------------------------+------------------------------+
; 0                                           ; 0                            ;
; 1                                           ; 1                            ;
; 2                                           ; 1                            ;
; 3                                           ; 0                            ;
; 4                                           ; 0                            ;
; 5                                           ; 2                            ;
; 6                                           ; 0                            ;
; 7                                           ; 0                            ;
; 8                                           ; 0                            ;
; 9                                           ; 0                            ;
; 10                                          ; 5                            ;
; 11                                          ; 2                            ;
; 12                                          ; 0                            ;
; 13                                          ; 1                            ;
; 14                                          ; 1                            ;
+---------------------------------------------+------------------------------+


+--------------------------------------------------------------------------------+
; LAB Signals Sourced Out                                                        ;
+-------------------------------------------------+------------------------------+
; Number of Signals Sourced Out  (Average = 5.00) ; Number of LABs  (Total = 13) ;
+-------------------------------------------------+------------------------------+
; 0                                               ; 0                            ;
; 1                                               ; 2                            ;
; 2                                               ; 2                            ;
; 3                                               ; 1                            ;
; 4                                               ; 1                            ;
; 5                                               ; 2                            ;
; 6                                               ; 2                            ;
; 7                                               ; 0                            ;
; 8                                               ; 1                            ;
; 9                                               ; 0                            ;
; 10                                              ; 1                            ;
; 11                                              ; 0                            ;
; 12                                              ; 1                            ;
+-------------------------------------------------+------------------------------+


+----------------------------------------------------------------------------+
; LAB Distinct Inputs                                                        ;
+---------------------------------------------+------------------------------+
; Number of Distinct Inputs  (Average = 8.54) ; Number of LABs  (Total = 13) ;
+---------------------------------------------+------------------------------+
; 0                                           ; 0                            ;
; 1                                           ; 1                            ;
; 2                                           ; 1                            ;
; 3                                           ; 1                            ;
; 4                                           ; 1                            ;
; 5                                           ; 0                            ;
; 6                                           ; 0                            ;
; 7                                           ; 0                            ;
; 8                                           ; 3                            ;
; 9                                           ; 1                            ;
; 10                                          ; 1                            ;
; 11                                          ; 0                            ;
; 12                                          ; 1                            ;
; 13                                          ; 2                            ;
; 14                                          ; 0                            ;
; 15                                          ; 0                            ;
; 16                                          ; 0                            ;
; 17                                          ; 0                            ;
; 18                                          ; 0                            ;
; 19                                          ; 0                            ;
; 20                                          ; 1                            ;
+---------------------------------------------+------------------------------+


+-------------------------------------------------------------------------+
; Fitter Device Options                                                   ;
+----------------------------------------------+--------------------------+
; Option                                       ; Setting                  ;
+----------------------------------------------+--------------------------+
; Enable user-supplied start-up clock (CLKUSR) ; Off                      ;
; Enable device-wide reset (DEV_CLRn)          ; Off                      ;
; Enable device-wide output enable (DEV_OE)    ; Off                      ;
; Enable INIT_DONE output                      ; Off                      ;
; Configuration scheme                         ; Passive Serial           ;
; Reserve all unused pins                      ; As output driving ground ;
; Base pin-out file on sameframe device        ; Off                      ;
+----------------------------------------------+--------------------------+


+------------------------------------------------------------+
; Estimated Delay Added for Hold Timing                      ;
+-----------------+----------------------+-------------------+
; Source Clock(s) ; Destination Clock(s) ; Delay Added in ns ;
+-----------------+----------------------+-------------------+


+----------------------------+
; Advanced Data - General    ;
+--------------------+-------+
; Name               ; Value ;
+--------------------+-------+
; Status Code        ; 0     ;
; Desired User Slack ; 0     ;
; Fit Attempts       ; 1     ;
+--------------------+-------+


+----------------------------------------------------------------------------------------------+
; Advanced Data - Placement Preparation                                                        ;
+--------------------------------------------------------------------------------+-------------+
; Name                                                                           ; Value       ;
+--------------------------------------------------------------------------------+-------------+
; Auto Fit Point 1 - Fit Attempt 1                                               ; ff          ;
; Mid Wire Use - Fit Attempt 1                                                   ; 5           ;
; Mid Slack - Fit Attempt 1                                                      ; -13115      ;
; Internal Atom Count - Fit Attempt 1                                            ; 102         ;
; LE/ALM Count - Fit Attempt 1                                                   ; 102         ;
; LAB Count - Fit Attempt 1                                                      ; 13          ;
; Outputs per Lab - Fit Attempt 1                                                ; 5.077       ;
; Inputs per LAB - Fit Attempt 1                                                 ; 8.000       ;
; Global Inputs per LAB - Fit Attempt 1                                          ; 1.308       ;
; LAB Constraint 'non-global clock / CE pair + async load' - Fit Attempt 1       ; 0:13        ;
; LAB Constraint 'ce + sync load' - Fit Attempt 1                                ; 0:3;1:4;2:6 ;
; LAB Constraint 'non-global controls' - Fit Attempt 1                           ; 0:3;1:3;2:7 ;
; LAB Constraint 'un-route combination' - Fit Attempt 1                          ; 0:3;1:3;2:7 ;
; LAB Constraint 'non-global with asyn_clear' - Fit Attempt 1                    ; 0:3;1:3;2:7 ;
; LAB Constraint 'un-route with async_clear' - Fit Attempt 1                     ; 0:3;1:3;2:7 ;
; LAB Constraint 'non-global async clear + sync clear' - Fit Attempt 1           ; 0:12;1:1    ;
; LAB Constraint 'global non-clock/non-asynch_clear' - Fit Attempt 1             ; 0:13        ;
; LAB Constraint 'ygr_cl_ngclk_gclkce_sload_aload_constraint' - Fit Attempt 1    ; 0:3;1:7;2:3 ;
; LAB Constraint 'global control signals' - Fit Attempt 1                        ; 1:9;2:4     ;
; LAB Constraint 'clock / ce pair constraint' - Fit Attempt 1                    ; 1:4;2:9     ;
; LAB Constraint 'aload_aclr pair with aload used' - Fit Attempt 1               ; 0:13        ;
; LAB Constraint 'aload_aclr pair' - Fit Attempt 1                               ; 1:13        ;
; LAB Constraint 'sload_sclear pair' - Fit Attempt 1                             ; 0:4;1:9     ;
; LAB Constraint 'invert_a constraint' - Fit Attempt 1                           ; 0:4;1:9     ;
; LAB Constraint 'has placement constraint' - Fit Attempt 1                      ; 0:13        ;
; LAB Constraint 'use of ADATA or SDATA by registers constraint' - Fit Attempt 1 ; 0:13        ;
; LAB Constraint 'group hierarchy constraint' - Fit Attempt 1                    ; 1:8;2:3;3:2 ;
; LEs in Chains - Fit Attempt 1                                                  ; 11          ;
; LEs in Long Chains - Fit Attempt 1                                             ; 0           ;
; LABs with Chains - Fit Attempt 1                                               ; 2           ;
; LABs with Multiple Chains - Fit Attempt 1                                      ; 0           ;
; Time - Fit Attempt 1                                                           ; 0           ;
+--------------------------------------------------------------------------------+-------------+


+---------------------------------------------+
; Advanced Data - Placement                   ;
+------------------------------------+--------+
; Name                               ; Value  ;
+------------------------------------+--------+
; Auto Fit Point 2 - Fit Attempt 1   ; ff     ;
; Early Wire Use - Fit Attempt 1     ; 1      ;
; Early Slack - Fit Attempt 1        ; -17448 ;
; Auto Fit Point 5 - Fit Attempt 1   ; ff     ;
; Mid Wire Use - Fit Attempt 1       ; 3      ;
; Mid Slack - Fit Attempt 1          ; -15909 ;
; Auto Fit Point 6 - Fit Attempt 1   ; ff     ;
; Auto Fit Point 6 - Fit Attempt 1   ; ff     ;
; Auto Fit Point 6 - Fit Attempt 1   ; ff     ;
; Auto Fit Point 5 - Fit Attempt 1   ; ff     ;
; Mid Wire Use - Fit Attempt 1       ; 3      ;
; Mid Slack - Fit Attempt 1          ; -15909 ;
; Auto Fit Point 6 - Fit Attempt 1   ; ff     ;
; Auto Fit Point 6 - Fit Attempt 1   ; ff     ;
; Auto Fit Point 6 - Fit Attempt 1   ; ff     ;
; Late Wire Use - Fit Attempt 1      ; 3      ;
; Late Slack - Fit Attempt 1         ; -15909 ;
; Peak Regional Wire - Fit Attempt 1 ; 0.000  ;
; Auto Fit Point 7 - Fit Attempt 1   ; ff     ;
; Time - Fit Attempt 1               ; 0      ;
+------------------------------------+--------+


+---------------------------------------------------+
; Advanced Data - Routing                           ;
+-------------------------------------+-------------+
; Name                                ; Value       ;
+-------------------------------------+-------------+
; Early Slack - Fit Attempt 1         ; -13819      ;
; Early Wire Use - Fit Attempt 1      ; 3           ;
; Peak Regional Wire - Fit Attempt 1  ; 5           ;
; Mid Slack - Fit Attempt 1           ; -15797      ;
; Late Slack - Fit Attempt 1          ; -2147483648 ;
; Late Wire Use - Fit Attempt 1       ; 4           ;
; Time - Fit Attempt 1                ; 0           ;
; Time in tsm_tan.dll - Fit Attempt 1 ; 0.016       ;
+-------------------------------------+-------------+


+-----------------+
; Fitter Messages ;
+-----------------+
Info: *******************************************************************
Info: Running Quartus II 64-Bit Fitter
    Info: Version 9.0 Build 132 02/25/2009 SJ Full Version
    Info: Processing started: Fri Oct 28 16:38:56 2016
Info: Command: quartus_fit --read_settings_files=off --write_settings_files=off SSP -c SSP
Info: Parallel compilation is enabled and will use 4 of the 4 processors detected
Info: Selected device EPM1270T144C5 for design "SSP"
Info: Low junction temperature is 0 degrees C
Info: High junction temperature is 85 degrees C
Info: Fitter is performing an Auto Fit compilation, which may decrease Fitter effort to reduce compilation time
Info: Device migration not selected. If you intend to use device migration later, you may need to change the pin assignments as they may be incompatible with other devices
    Info: Device EPM570T144C5 is compatible
    Info: Device EPM570T144I5 is compatible
    Info: Device EPM570T144A5 is compatible
    Info: Device EPM1270T144I5 is compatible
    Info: Device EPM1270T144A5 is compatible
Warning: No exact pin location assignment(s) for 13 pins of 22 total pins
    Info: Pin a_score[0] not assigned to an exact location on the device
    Info: Pin a_score[1] not assigned to an exact location on the device
    Info: Pin b_score[0] not assigned to an exact location on the device
    Info: Pin b_score[1] not assigned to an exact location on the device
    Info: Pin result[0] not assigned to an exact location on the device
    Info: Pin result[1] not assigned to an exact location on the device
    Info: Pin g_s[0] not assigned to an exact location on the device
    Info: Pin g_s[1] not assigned to an exact location on the device
    Info: Pin g_s[2] not assigned to an exact location on the device
    Info: Pin a_s[0] not assigned to an exact location on the device
    Info: Pin a_s[1] not assigned to an exact location on the device
    Info: Pin b_s[0] not assigned to an exact location on the device
    Info: Pin b_s[1] not assigned to an exact location on the device
Info: Fitter is using the Classic Timing Analyzer
Info: Timing requirements not specified -- optimizing circuit to achieve the following default global requirements
    Info: Assuming a global fmax requirement of 1000 MHz
    Info: Assuming a global tsu requirement of 2.0 ns
    Info: Assuming a global tco requirement of 1.0 ns
    Info: Assuming a global tpd requirement of 1.0 ns
Info: Completed User Assigned Global Signals Promotion Operation
Info: Automatically promoted signal "clk_in" to use Global clock in PIN 18
Info: Automatically promoted signal "frequency_division:U1|clk_out_f" to use Global clock
Info: Automatically promoted signal "prevent_shake:U3|b_ok_out_p" to use Global clock
Info: Completed Auto Global Promotion Operation
Info: Starting register packing
Info: Fitter is using Normal packing mode for logic elements with Auto setting for Auto Packed Registers logic option
Info: Started processing fast register assignments
Info: Finished processing fast register assignments
Info: Finished register packing
Info: Statistics of I/O pins that need to be placed that use the same VCCIO and VREF, before I/O pin placement
    Info: Number of I/O pins in group: 13 (unused VREF, 3.3V VCCIO, 0 input, 13 output, 0 bidirectional)
        Info: I/O standards used: 3.3-V LVTTL.
Info: I/O bank details before I/O pin placement
    Info: Statistics of I/O banks
        Info: I/O bank number 1 does not use VREF pins and has undetermined VCCIO pins. 1 total pin(s) used --  25 pins available
        Info: I/O bank number 2 does not use VREF pins and has 3.3V VCCIO pins. 8 total pin(s) used --  22 pins available
        Info: I/O bank number 3 does not use VREF pins and has undetermined VCCIO pins. 0 total pin(s) used --  30 pins available
        Info: I/O bank number 4 does not use VREF pins and has undetermined VCCIO pins. 0 total pin(s) used --  30 pins available
Warning: Ignored locations or region assignments to the following nodes
    Warning: Node "col_matrix[0]" is assigned to location or region, but does not exist in design
    Warning: Node "col_matrix[1]" is assigned to location or region, but does not exist in design
    Warning: Node "col_matrix[2]" is assigned to location or region, but does not exist in design
    Warning: Node "col_matrix[3]" is assigned to location or region, but does not exist in design
    Warning: Node "col_matrix[4]" is assigned to location or region, but does not exist in design
    Warning: Node "col_matrix[5]" is assigned to location or region, but does not exist in design
    Warning: Node "col_matrix[6]" is assigned to location or region, but does not exist in design
    Warning: Node "col_matrix[7]" is assigned to location or region, but does not exist in design
    Warning: Node "digitron_cat[0]" is assigned to location or region, but does not exist in design
    Warning: Node "digitron_cat[1]" is assigned to location or region, but does not exist in design
    Warning: Node "digitron_cat[2]" is assigned to location or region, but does not exist in design
    Warning: Node "digitron_cat[3]" is assigned to location or region, but does not exist in design
    Warning: Node "digitron_cat[4]" is assigned to location or region, but does not exist in design
    Warning: Node "digitron_cat[5]" is assigned to location or region, but does not exist in design
    Warning: Node "digitron_show[0]" is assigned to location or region, but does not exist in design
    Warning: Node "digitron_show[1]" is assigned to location or region, but does not exist in design
    Warning: Node "digitron_show[2]" is assigned to location or region, but does not exist in design
    Warning: Node "digitron_show[3]" is assigned to location or region, but does not exist in design
    Warning: Node "digitron_show[4]" is assigned to location or region, but does not exist in design
    Warning: Node "digitron_show[5]" is assigned to location or region, but does not exist in design
    Warning: Node "digitron_show[6]" is assigned to location or region, but does not exist in design
    Warning: Node "row_matrix[0]" is assigned to location or region, but does not exist in design
    Warning: Node "row_matrix[1]" is assigned to location or region, but does not exist in design
    Warning: Node "row_matrix[2]" is assigned to location or region, but does not exist in design
    Warning: Node "row_matrix[3]" is assigned to location or region, but does not exist in design
    Warning: Node "row_matrix[4]" is assigned to location or region, but does not exist in design
    Warning: Node "row_matrix[5]" is assigned to location or region, but does not exist in design
    Warning: Node "row_matrix[6]" is assigned to location or region, but does not exist in design
    Warning: Node "row_matrix[7]" is assigned to location or region, but does not exist in design
Info: Fitter preparation operations ending: elapsed time is 00:00:00
Info: Fitter placement preparation operations beginning
Info: Fitter placement preparation operations ending: elapsed time is 00:00:00
Info: Fitter placement operations beginning
Info: Fitter placement was successful
Info: Fitter placement operations ending: elapsed time is 00:00:00
Info: Slack time is -14.66 ns between source register "translate:U2|b_select_out_t[0]" and destination register "prevent_shake:U7|counter_p[4]"
    Info: + Largest register to register requirement is -5.390 ns
    Info:   Shortest clock path from clock "clk_in" to destination register is 3.728 ns
        Info: 1: + IC(0.000 ns) + CELL(1.132 ns) = 1.132 ns; Loc. = Unassigned; Fanout = 39; CLK Node = 'clk_in'
        Info: 2: + IC(1.678 ns) + CELL(0.918 ns) = 3.728 ns; Loc. = Unassigned; Fanout = 4; REG Node = 'prevent_shake:U7|counter_p[4]'
        Info: Total cell delay = 2.050 ns ( 54.99 % )
        Info: Total interconnect delay = 1.678 ns ( 45.01 % )
    Info:   Longest clock path from clock "clk_in" to destination register is 3.728 ns
        Info: 1: + IC(0.000 ns) + CELL(1.132 ns) = 1.132 ns; Loc. = Unassigned; Fanout = 39; CLK Node = 'clk_in'
        Info: 2: + IC(1.678 ns) + CELL(0.918 ns) = 3.728 ns; Loc. = Unassigned; Fanout = 4; REG Node = 'prevent_shake:U7|counter_p[4]'
        Info: Total cell delay = 2.050 ns ( 54.99 % )
        Info: Total interconnect delay = 1.678 ns ( 45.01 % )
    Info:   Shortest clock path from clock "clk_in" to source register is 9.409 ns
        Info: 1: + IC(0.000 ns) + CELL(1.132 ns) = 1.132 ns; Loc. = Unassigned; Fanout = 39; CLK Node = 'clk_in'
        Info: 2: + IC(1.678 ns) + CELL(1.294 ns) = 4.104 ns; Loc. = Unassigned; Fanout = 14; REG Node = 'frequency_division:U1|clk_out_f'
        Info: 3: + IC(4.387 ns) + CELL(0.918 ns) = 9.409 ns; Loc. = Unassigned; Fanout = 5; REG Node = 'translate:U2|b_select_out_t[0]'
        Info: Total cell delay = 3.344 ns ( 35.54 % )
        Info: Total interconnect delay = 6.065 ns ( 64.46 % )
    Info:   Longest clock path from clock "clk_in" to source register is 9.409 ns
        Info: 1: + IC(0.000 ns) + CELL(1.132 ns) = 1.132 ns; Loc. = Unassigned; Fanout = 39; CLK Node = 'clk_in'
        Info: 2: + IC(1.678 ns) + CELL(1.294 ns) = 4.104 ns; Loc. = Unassigned; Fanout = 14; REG Node = 'frequency_division:U1|clk_out_f'
        Info: 3: + IC(4.387 ns) + CELL(0.918 ns) = 9.409 ns; Loc. = Unassigned; Fanout = 5; REG Node = 'translate:U2|b_select_out_t[0]'
        Info: Total cell delay = 3.344 ns ( 35.54 % )
        Info: Total interconnect delay = 6.065 ns ( 64.46 % )
    Info:   Micro clock to output delay of source is 0.376 ns
    Info:   Micro setup delay of destination is 0.333 ns
    Info: - Longest register to register delay is 9.270 ns
        Info: 1: + IC(0.000 ns) + CELL(0.000 ns) = 0.000 ns; Loc. = Unassigned; Fanout = 5; REG Node = 'translate:U2|b_select_out_t[0]'
        Info: 2: + IC(2.434 ns) + CELL(0.200 ns) = 2.634 ns; Loc. = Unassigned; Fanout = 1; COMB Node = 'prevent_shake:U3|process_0~13'
        Info: 3: + IC(0.672 ns) + CELL(0.511 ns) = 3.817 ns; Loc. = Unassigned; Fanout = 2; COMB Node = 'prevent_shake:U3|process_0~15'
        Info: 4: + IC(0.269 ns) + CELL(0.914 ns) = 5.000 ns; Loc. = Unassigned; Fanout = 6; COMB Node = 'prevent_shake:U7|counter_p[3]~24'
        Info: 5: + IC(2.510 ns) + CELL(1.760 ns) = 9.270 ns; Loc. = Unassigned; Fanout = 4; REG Node = 'prevent_shake:U7|counter_p[4]'
        Info: Total cell delay = 3.385 ns ( 36.52 % )
        Info: Total interconnect delay = 5.885 ns ( 63.48 % )
Info: Estimated most critical path is register to register delay of 9.270 ns
    Info: 1: + IC(0.000 ns) + CELL(0.000 ns) = 0.000 ns; Loc. = LAB_X12_Y8; Fanout = 5; REG Node = 'translate:U2|b_select_out_t[0]'
    Info: 2: + IC(2.434 ns) + CELL(0.200 ns) = 2.634 ns; Loc. = LAB_X11_Y4; Fanout = 1; COMB Node = 'prevent_shake:U3|process_0~13'
    Info: 3: + IC(0.672 ns) + CELL(0.511 ns) = 3.817 ns; Loc. = LAB_X11_Y4; Fanout = 2; COMB Node = 'prevent_shake:U3|process_0~15'
    Info: 4: + IC(0.269 ns) + CELL(0.914 ns) = 5.000 ns; Loc. = LAB_X11_Y4; Fanout = 6; COMB Node = 'prevent_shake:U7|counter_p[3]~24'
    Info: 5: + IC(2.510 ns) + CELL(1.760 ns) = 9.270 ns; Loc. = LAB_X9_Y5; Fanout = 4; REG Node = 'prevent_shake:U7|counter_p[4]'
    Info: Total cell delay = 3.385 ns ( 36.52 % )
    Info: Total interconnect delay = 5.885 ns ( 63.48 % )
Info: Fitter routing operations beginning
Info: Average interconnect usage is 2% of the available device resources
    Info: Peak interconnect usage is 4% of the available device resources in the region that extends from location X9_Y0 to location X17_Y11
Info: Fitter routing operations ending: elapsed time is 00:00:00
Info: The Fitter performed an Auto Fit compilation.  Optimizations were skipped to reduce compilation time.
    Info: Optimizations that may affect the design's routability were skipped
    Info: Optimizations that may affect the design's timing were skipped
Warning: Following 4 pins have nothing, GND, or VCC driving datain port -- changes to this connectivity may change fitting results
    Info: Pin row_out[0] has VCC driving its datain port
    Info: Pin g_s[0] has GND driving its datain port
    Info: Pin g_s[1] has GND driving its datain port
    Info: Pin g_s[2] has GND driving its datain port
Warning: The Reserve All Unused Pins setting has not been specified, and will default to 'As output driving ground'.
Info: Generated suppressed messages file F:/VDHL preject for Schoolworks/game/SSP.fit.smsg
Info: Quartus II 64-Bit Fitter was successful. 0 errors, 33 warnings
    Info: Peak virtual memory: 314 megabytes
    Info: Processing ended: Fri Oct 28 16:38:56 2016
    Info: Elapsed time: 00:00:00
    Info: Total CPU time (on all processors): 00:00:01


+----------------------------+
; Fitter Suppressed Messages ;
+----------------------------+
The suppressed messages can be found in F:/VDHL preject for Schoolworks/game/SSP.fit.smsg.


