Analysis & Synthesis report for SSP
Wed Nov 02 13:46:37 2016
Quartus II 64-Bit Version 9.0 Build 132 02/25/2009 SJ Full Version


---------------------
; Table of Contents ;
---------------------
  1. Legal Notice
  2. Analysis & Synthesis Summary
  3. Analysis & Synthesis Settings
  4. Analysis & Synthesis Source Files Read
  5. Analysis & Synthesis Resource Usage Summary
  6. Analysis & Synthesis Resource Utilization by Entity
  7. User-Specified and Inferred Latches
  8. Registers Removed During Synthesis
  9. General Register Statistics
 10. Multiplexer Restructuring Statistics (Restructuring Performed)
 11. Port Connectivity Checks: "get_select:U10"
 12. Port Connectivity Checks: "prevent_shake:U3"
 13. Analysis & Synthesis Messages



----------------
; Legal Notice ;
----------------
Copyright (C) 1991-2009 Altera Corporation
Your use of Altera Corporation's design tools, logic functions 
and other software and tools, and its AMPP partner logic 
functions, and any output files from any of the foregoing 
(including device programming or simulation files), and any 
associated documentation or information are expressly subject 
to the terms and conditions of the Altera Program License 
Subscription Agreement, Altera MegaCore Function License 
Agreement, or other applicable license agreement, including, 
without limitation, that your use is for the sole purpose of 
programming logic devices manufactured by Altera and sold by 
Altera or its authorized distributors.  Please refer to the 
applicable agreement for further details.



+------------------------------------------------------------------------+
; Analysis & Synthesis Summary                                           ;
+-----------------------------+------------------------------------------+
; Analysis & Synthesis Status ; Successful - Wed Nov 02 13:46:37 2016    ;
; Quartus II 64-Bit Version   ; 9.0 Build 132 02/25/2009 SJ Full Version ;
; Revision Name               ; SSP                                      ;
; Top-level Entity Name       ; SSP                                      ;
; Family                      ; MAX II                                   ;
; Total logic elements        ; 215                                      ;
; Total pins                  ; 40                                       ;
; Total virtual pins          ; 0                                        ;
; UFM blocks                  ; 0 / 1 ( 0 % )                            ;
+-----------------------------+------------------------------------------+


+----------------------------------------------------------------------------------------------------------+
; Analysis & Synthesis Settings                                                                            ;
+----------------------------------------------------------------+--------------------+--------------------+
; Option                                                         ; Setting            ; Default Value      ;
+----------------------------------------------------------------+--------------------+--------------------+
; Device                                                         ; EPM1270T144C5      ;                    ;
; Top-level entity name                                          ; SSP                ; SSP                ;
; Family name                                                    ; MAX II             ; Stratix II         ;
; Use Generated Physical Constraints File                        ; Off                ;                    ;
; Use smart compilation                                          ; Off                ; Off                ;
; Restructure Multiplexers                                       ; Auto               ; Auto               ;
; Create Debugging Nodes for IP Cores                            ; Off                ; Off                ;
; Preserve fewer node names                                      ; On                 ; On                 ;
; Disable OpenCore Plus hardware evaluation                      ; Off                ; Off                ;
; Verilog Version                                                ; Verilog_2001       ; Verilog_2001       ;
; VHDL Version                                                   ; VHDL93             ; VHDL93             ;
; State Machine Processing                                       ; Auto               ; Auto               ;
; Safe State Machine                                             ; Off                ; Off                ;
; Extract Verilog State Machines                                 ; On                 ; On                 ;
; Extract VHDL State Machines                                    ; On                 ; On                 ;
; Ignore Verilog initial constructs                              ; Off                ; Off                ;
; Iteration limit for constant Verilog loops                     ; 5000               ; 5000               ;
; Iteration limit for non-constant Verilog loops                 ; 250                ; 250                ;
; Add Pass-Through Logic to Inferred RAMs                        ; On                 ; On                 ;
; Parallel Synthesis                                             ; Off                ; Off                ;
; NOT Gate Push-Back                                             ; On                 ; On                 ;
; Power-Up Don't Care                                            ; On                 ; On                 ;
; Remove Redundant Logic Cells                                   ; Off                ; Off                ;
; Remove Duplicate Registers                                     ; On                 ; On                 ;
; Ignore CARRY Buffers                                           ; Off                ; Off                ;
; Ignore CASCADE Buffers                                         ; Off                ; Off                ;
; Ignore GLOBAL Buffers                                          ; Off                ; Off                ;
; Ignore ROW GLOBAL Buffers                                      ; Off                ; Off                ;
; Ignore LCELL Buffers                                           ; Off                ; Off                ;
; Ignore SOFT Buffers                                            ; On                 ; On                 ;
; Limit AHDL Integers to 32 Bits                                 ; Off                ; Off                ;
; Optimization Technique                                         ; Balanced           ; Balanced           ;
; Carry Chain Length                                             ; 70                 ; 70                 ;
; Auto Carry Chains                                              ; On                 ; On                 ;
; Auto Open-Drain Pins                                           ; On                 ; On                 ;
; Perform WYSIWYG Primitive Resynthesis                          ; Off                ; Off                ;
; Auto Shift Register Replacement                                ; Auto               ; Auto               ;
; Auto Clock Enable Replacement                                  ; On                 ; On                 ;
; Allow Synchronous Control Signals                              ; On                 ; On                 ;
; Force Use of Synchronous Clear Signals                         ; Off                ; Off                ;
; Auto Resource Sharing                                          ; Off                ; Off                ;
; Use LogicLock Constraints during Resource Balancing            ; On                 ; On                 ;
; Ignore translate_off and synthesis_off directives              ; Off                ; Off                ;
; Show Parameter Settings Tables in Synthesis Report             ; On                 ; On                 ;
; Ignore Maximum Fan-Out Assignments                             ; Off                ; Off                ;
; Synchronization Register Chain Length                          ; 2                  ; 2                  ;
; PowerPlay Power Optimization                                   ; Normal compilation ; Normal compilation ;
; HDL message level                                              ; Level2             ; Level2             ;
; Suppress Register Optimization Related Messages                ; Off                ; Off                ;
; Number of Removed Registers Reported in Synthesis Report       ; 100                ; 100                ;
; Number of Inverted Registers Reported in Synthesis Report      ; 100                ; 100                ;
; Clock MUX Protection                                           ; On                 ; On                 ;
; Block Design Naming                                            ; Auto               ; Auto               ;
; Synthesis Effort                                               ; Auto               ; Auto               ;
; Allows Asynchronous Clear Usage For Shift Register Replacement ; On                 ; On                 ;
; Analysis & Synthesis Message Level                             ; Medium             ; Medium             ;
+----------------------------------------------------------------+--------------------+--------------------+


+------------------------------------------------------------------------------------------------------------------------------------------------------+
; Analysis & Synthesis Source Files Read                                                                                                               ;
+----------------------------------+-----------------+-----------------------+-------------------------------------------------------------------------+
; File Name with User-Entered Path ; Used in Netlist ; File Type             ; File Name with Absolute Path                                            ;
+----------------------------------+-----------------+-----------------------+-------------------------------------------------------------------------+
; SSP.vhd                          ; yes             ; User VHDL File        ; F:/VDHL preject for Schoolworks/game完美 - 副本/SSP.vhd                 ;
; frequency_division.vhd           ; yes             ; User VHDL File        ; F:/VDHL preject for Schoolworks/game完美 - 副本/frequency_division.vhd  ;
; digitron.vhd                     ; yes             ; User VHDL File        ; F:/VDHL preject for Schoolworks/game完美 - 副本/digitron.vhd            ;
; matrix.vhd                       ; yes             ; User VHDL File        ; F:/VDHL preject for Schoolworks/game完美 - 副本/matrix.vhd              ;
; prevent_shake.vhd                ; yes             ; User VHDL File        ; F:/VDHL preject for Schoolworks/game完美 - 副本/prevent_shake.vhd       ;
; frequency_division2.vhd          ; yes             ; User VHDL File        ; F:/VDHL preject for Schoolworks/game完美 - 副本/frequency_division2.vhd ;
; judge.vhd                        ; yes             ; User VHDL File        ; F:/VDHL preject for Schoolworks/game完美 - 副本/judge.vhd               ;
; translate.vhd                    ; yes             ; Auto-Found VHDL File  ; F:/VDHL preject for Schoolworks/game完美 - 副本/translate.vhd           ;
; get_select.vhd                   ; yes             ; Auto-Found VHDL File  ; F:/VDHL preject for Schoolworks/game完美 - 副本/get_select.vhd          ;
+----------------------------------+-----------------+-----------------------+-------------------------------------------------------------------------+


+--------------------------------------------------------------------------------+
; Analysis & Synthesis Resource Usage Summary                                    ;
+---------------------------------------------+----------------------------------+
; Resource                                    ; Usage                            ;
+---------------------------------------------+----------------------------------+
; Total logic elements                        ; 215                              ;
;     -- Combinational with no register       ; 112                              ;
;     -- Register only                        ; 34                               ;
;     -- Combinational with a register        ; 69                               ;
;                                             ;                                  ;
; Logic element usage by number of LUT inputs ;                                  ;
;     -- 4 input functions                    ; 85                               ;
;     -- 3 input functions                    ; 37                               ;
;     -- 2 input functions                    ; 51                               ;
;     -- 1 input functions                    ; 8                                ;
;     -- 0 input functions                    ; 0                                ;
;                                             ;                                  ;
; Logic elements by mode                      ;                                  ;
;     -- normal mode                          ; 189                              ;
;     -- arithmetic mode                      ; 26                               ;
;     -- qfbk mode                            ; 0                                ;
;     -- register cascade mode                ; 0                                ;
;     -- synchronous clear/load mode          ; 13                               ;
;     -- asynchronous clear/load mode         ; 6                                ;
;                                             ;                                  ;
; Total registers                             ; 103                              ;
; Total logic cells in carry chains           ; 29                               ;
; I/O pins                                    ; 40                               ;
; Maximum fan-out node                        ; frequency_division2:U4|clk_out_f ;
; Maximum fan-out                             ; 75                               ;
; Total fan-out                               ; 788                              ;
; Average fan-out                             ; 3.09                             ;
+---------------------------------------------+----------------------------------+


+-------------------------------------------------------------------------------------------------------------------------------------------------------------------------------------------------------------------------------+
; Analysis & Synthesis Resource Utilization by Entity                                                                                                                                                                           ;
+-----------------------------+-------------+--------------+------------+------+--------------+--------------+-------------------+------------------+-----------------+------------+-----------------------------+--------------+
; Compilation Hierarchy Node  ; Logic Cells ; LC Registers ; UFM Blocks ; Pins ; Virtual Pins ; LUT-Only LCs ; Register-Only LCs ; LUT/Register LCs ; Carry Chain LCs ; Packed LCs ; Full Hierarchy Name         ; Library Name ;
+-----------------------------+-------------+--------------+------------+------+--------------+--------------+-------------------+------------------+-----------------+------------+-----------------------------+--------------+
; |SSP                        ; 215 (0)     ; 103          ; 0          ; 40   ; 0            ; 112 (0)      ; 34 (0)            ; 69 (0)           ; 29 (0)          ; 0 (0)      ; |SSP                        ; work         ;
;    |digitron:U9|            ; 12 (12)     ; 8            ; 0          ; 0    ; 0            ; 4 (4)        ; 1 (1)             ; 7 (7)            ; 0 (0)           ; 0 (0)      ; |SSP|digitron:U9            ; work         ;
;    |frequency_division2:U4| ; 29 (29)     ; 14           ; 0          ; 0    ; 0            ; 15 (15)      ; 8 (8)             ; 6 (6)            ; 12 (12)         ; 0 (0)      ; |SSP|frequency_division2:U4 ; work         ;
;    |frequency_division:U1|  ; 13 (13)     ; 7            ; 0          ; 0    ; 0            ; 6 (6)        ; 3 (3)             ; 4 (4)            ; 5 (5)           ; 0 (0)      ; |SSP|frequency_division:U1  ; work         ;
;    |get_select:U10|         ; 13 (13)     ; 9            ; 0          ; 0    ; 0            ; 4 (4)        ; 0 (0)             ; 9 (9)            ; 0 (0)           ; 0 (0)      ; |SSP|get_select:U10         ; work         ;
;    |judge:U6|               ; 23 (23)     ; 12           ; 0          ; 0    ; 0            ; 11 (11)      ; 1 (1)             ; 11 (11)          ; 0 (0)           ; 0 (0)      ; |SSP|judge:U6               ; work         ;
;    |matrix:U8|              ; 58 (58)     ; 15           ; 0          ; 0    ; 0            ; 43 (43)      ; 1 (1)             ; 14 (14)          ; 12 (12)         ; 0 (0)      ; |SSP|matrix:U8              ; work         ;
;    |prevent_shake:U3|       ; 28 (28)     ; 21           ; 0          ; 0    ; 0            ; 7 (7)        ; 18 (18)           ; 3 (3)            ; 0 (0)           ; 0 (0)      ; |SSP|prevent_shake:U3       ; work         ;
;    |translate:U2|           ; 39 (39)     ; 17           ; 0          ; 0    ; 0            ; 22 (22)      ; 2 (2)             ; 15 (15)          ; 0 (0)           ; 0 (0)      ; |SSP|translate:U2           ; work         ;
+-----------------------------+-------------+--------------+------------+------+--------------+--------------+-------------------+------------------+-----------------+------------+-----------------------------+--------------+
Note: For table entries with two numbers listed, the numbers in parentheses indicate the number of resources of the given type used by the specific entity alone. The numbers listed outside of parentheses indicate the total resources of the given type used by the specific entity and all of its sub-entities in the hierarchy.


+----------------------------------------------------------------------------------------------------------+
; User-Specified and Inferred Latches                                                                      ;
+-----------------------------------------------------+---------------------------+------------------------+
; Latch Name                                          ; Latch Enable Signal       ; Free of Timing Hazards ;
+-----------------------------------------------------+---------------------------+------------------------+
; matrix:U8|col_out_m[0]                              ; get_select:U10|show_out_g ; yes                    ;
; matrix:U8|col_out_m[1]                              ; get_select:U10|show_out_g ; yes                    ;
; matrix:U8|col_out_m[2]                              ; get_select:U10|show_out_g ; yes                    ;
; matrix:U8|col_out_m[3]                              ; get_select:U10|show_out_g ; yes                    ;
; matrix:U8|col_out_m[4]                              ; get_select:U10|show_out_g ; yes                    ;
; matrix:U8|col_out_m[5]                              ; get_select:U10|show_out_g ; yes                    ;
; matrix:U8|col_out_m[6]                              ; get_select:U10|show_out_g ; yes                    ;
; matrix:U8|col_out_m[7]                              ; get_select:U10|show_out_g ; yes                    ;
; matrix:U8|row_out_m[2]                              ; get_select:U10|show_out_g ; yes                    ;
; matrix:U8|row_out_m[3]                              ; get_select:U10|show_out_g ; yes                    ;
; matrix:U8|row_out_m[4]                              ; get_select:U10|show_out_g ; yes                    ;
; matrix:U8|row_out_m[5]                              ; get_select:U10|show_out_g ; yes                    ;
; Number of user-specified and inferred latches = 12  ;                           ;                        ;
+-----------------------------------------------------+---------------------------+------------------------+
Note: All latches listed above may not be present at the end of synthesis due to various synthesis optimizations.


+--------------------------------------------------------------------------------+
; Registers Removed During Synthesis                                             ;
+---------------------------------------+----------------------------------------+
; Register name                         ; Reason for Removal                     ;
+---------------------------------------+----------------------------------------+
; digitron:U9|digitron_cat_d[0..1]      ; Stuck at VCC due to stuck port data_in ;
; digitron:U9|digitron_show_d[5]        ; Stuck at VCC due to stuck port data_in ;
; digitron:U9|digitron_cat_d[2..5]      ; Stuck at VCC due to stuck port data_in ;
; digitron:U9|counter_d                 ; Merged with matrix:U8|counter_m[0]     ;
; Total Number of Removed Registers = 8 ;                                        ;
+---------------------------------------+----------------------------------------+


+------------------------------------------------------+
; General Register Statistics                          ;
+----------------------------------------------+-------+
; Statistic                                    ; Value ;
+----------------------------------------------+-------+
; Total registers                              ; 103   ;
; Number of registers using Synchronous Clear  ; 13    ;
; Number of registers using Synchronous Load   ; 0     ;
; Number of registers using Asynchronous Clear ; 6     ;
; Number of registers using Asynchronous Load  ; 0     ;
; Number of registers using Clock Enable       ; 47    ;
; Number of registers using Preset             ; 0     ;
+----------------------------------------------+-------+


+-----------------------------------------------------------------------------------------------------------------------------------------------------+
; Multiplexer Restructuring Statistics (Restructuring Performed)                                                                                      ;
+--------------------+-----------+---------------+----------------------+------------------------+------------+---------------------------------------+
; Multiplexer Inputs ; Bus Width ; Baseline Area ; Area if Restructured ; Saving if Restructured ; Registered ; Example Multiplexer Output            ;
+--------------------+-----------+---------------+----------------------+------------------------+------------+---------------------------------------+
; 4:1                ; 2 bits    ; 4 LEs         ; 4 LEs                ; 0 LEs                  ; Yes        ; |SSP|judge:U6|a_score_tmp[1]          ;
; 3:1                ; 6 bits    ; 12 LEs        ; 6 LEs                ; 6 LEs                  ; Yes        ; |SSP|judge:U6|result_j[0]             ;
; 3:1                ; 4 bits    ; 8 LEs         ; 4 LEs                ; 4 LEs                  ; Yes        ; |SSP|get_select:U10|b_select_tmp[0]   ;
; 3:1                ; 12 bits   ; 24 LEs        ; 12 LEs               ; 12 LEs                 ; Yes        ; |SSP|matrix:U8|big_counter_m[5]       ;
; 3:1                ; 3 bits    ; 6 LEs         ; 3 LEs                ; 3 LEs                  ; Yes        ; |SSP|prevent_shake:U3|counter_p[1]    ;
; 4:1                ; 2 bits    ; 4 LEs         ; 2 LEs                ; 2 LEs                  ; Yes        ; |SSP|get_select:U10|b_select_out_g[1] ;
; 4:1                ; 2 bits    ; 4 LEs         ; 2 LEs                ; 2 LEs                  ; Yes        ; |SSP|get_select:U10|a_select_out_g[0] ;
; 9:1                ; 2 bits    ; 12 LEs        ; 2 LEs                ; 10 LEs                 ; Yes        ; |SSP|judge:U6|result_tmp[1]           ;
; 6:1                ; 4 bits    ; 16 LEs        ; 8 LEs                ; 8 LEs                  ; No         ; |SSP|matrix:U8|row_out_m~15           ;
+--------------------+-----------+---------------+----------------------+------------------------+------------+---------------------------------------+


+----------------------------------------------------------------------------------------------------------------------+
; Port Connectivity Checks: "get_select:U10"                                                                           ;
+------------+--------+----------+-------------------------------------------------------------------------------------+
; Port       ; Type   ; Severity ; Details                                                                             ;
+------------+--------+----------+-------------------------------------------------------------------------------------+
; a_ok_out_g ; Output ; Info     ; Connected to dangling logic. Logic that only feeds a dangling port will be removed. ;
+------------+--------+----------+-------------------------------------------------------------------------------------+


+-------------------------------------------------------------------------------------------------------------------------------------+
; Port Connectivity Checks: "prevent_shake:U3"                                                                                        ;
+------+--------+----------+----------------------------------------------------------------------------------------------------------+
; Port ; Type   ; Severity ; Details                                                                                                  ;
+------+--------+----------+----------------------------------------------------------------------------------------------------------+
; st   ; Output ; Warning  ; Declared by entity but not connected by instance. Logic that only feeds a dangling port will be removed. ;
; re   ; Output ; Warning  ; Declared by entity but not connected by instance. Logic that only feeds a dangling port will be removed. ;
; sh   ; Output ; Warning  ; Declared by entity but not connected by instance. Logic that only feeds a dangling port will be removed. ;
; ao   ; Output ; Warning  ; Declared by entity but not connected by instance. Logic that only feeds a dangling port will be removed. ;
; bo   ; Output ; Warning  ; Declared by entity but not connected by instance. Logic that only feeds a dangling port will be removed. ;
; as   ; Output ; Warning  ; Declared by entity but not connected by instance. Logic that only feeds a dangling port will be removed. ;
; bs   ; Output ; Warning  ; Declared by entity but not connected by instance. Logic that only feeds a dangling port will be removed. ;
+------+--------+----------+----------------------------------------------------------------------------------------------------------+


+-------------------------------+
; Analysis & Synthesis Messages ;
+-------------------------------+
Info: *******************************************************************
Info: Running Quartus II 64-Bit Analysis & Synthesis
    Info: Version 9.0 Build 132 02/25/2009 SJ Full Version
    Info: Processing started: Wed Nov 02 13:46:31 2016
Info: Command: quartus_map --read_settings_files=on --write_settings_files=off SSP -c SSP
Info: Found 2 design units, including 1 entities, in source file SSP.vhd
    Info: Found design unit 1: SSP-top
    Info: Found entity 1: SSP
Info: Found 2 design units, including 1 entities, in source file frequency_division.vhd
    Info: Found design unit 1: frequency_division-behave
    Info: Found entity 1: frequency_division
Warning: Can't analyze file -- file F:/VDHL preject for Schoolworks/game完美 - 副本/controller.vhd is missing
Info: Found 2 design units, including 1 entities, in source file control.vhd
    Info: Found design unit 1: control-behave
    Info: Found entity 1: control
Info: Found 2 design units, including 1 entities, in source file digitron.vhd
    Info: Found design unit 1: digitron-behave
    Info: Found entity 1: digitron
Info: Found 2 design units, including 1 entities, in source file matrix.vhd
    Info: Found design unit 1: matrix-behave
    Info: Found entity 1: matrix
Warning: Can't analyze file -- file F:/VDHL preject for Schoolworks/game完美 - 副本/button.vhd is missing
Info: Found 2 design units, including 1 entities, in source file prevent_shake.vhd
    Info: Found design unit 1: prevent_shake-behave
    Info: Found entity 1: prevent_shake
Info: Found 2 design units, including 1 entities, in source file frequency_division2.vhd
    Info: Found design unit 1: frequency_division2-behave
    Info: Found entity 1: frequency_division2
Info: Found 2 design units, including 1 entities, in source file frequency_division3.vhd
    Info: Found design unit 1: frequency_division3-behave
    Info: Found entity 1: frequency_division3
Warning: Can't analyze file -- file F:/VDHL preject for Schoolworks/game完美 - 副本/search.vhd is missing
Info: Found 2 design units, including 1 entities, in source file judge.vhd
    Info: Found design unit 1: judge-behave
    Info: Found entity 1: judge
Info: Elaborating entity "SSP" for the top level hierarchy
Warning (10036): Verilog HDL or VHDL warning at SSP.vhd(105): object "a_ok_final" assigned a value but never read
Info: Elaborating entity "frequency_division2" for hierarchy "frequency_division2:U4"
Info: Elaborating entity "frequency_division" for hierarchy "frequency_division:U1"
Warning: Using design file translate.vhd, which is not specified as a design file for the current project, but contains definitions for 2 design units and 1 entities in project
    Info: Found design unit 1: translate-behave
    Info: Found entity 1: translate
Info: Elaborating entity "translate" for hierarchy "translate:U2"
Info: Elaborating entity "prevent_shake" for hierarchy "prevent_shake:U3"
Info: Elaborating entity "judge" for hierarchy "judge:U6"
Warning (10492): VHDL Process Statement warning at judge.vhd(25): signal "start_in_j" is read inside the Process Statement but isn't in the Process Statement's sensitivity list
Info: Elaborating entity "matrix" for hierarchy "matrix:U8"
Warning (10492): VHDL Process Statement warning at matrix.vhd(56): signal "state_m" is read inside the Process Statement but isn't in the Process Statement's sensitivity list
Warning (10492): VHDL Process Statement warning at matrix.vhd(241): signal "result_in_m" is read inside the Process Statement but isn't in the Process Statement's sensitivity list
Warning (10631): VHDL Process Statement warning at matrix.vhd(47): inferring latch(es) for signal or variable "row_out_m", which holds its previous value in one or more paths through the process
Warning (10631): VHDL Process Statement warning at matrix.vhd(47): inferring latch(es) for signal or variable "col_out_m", which holds its previous value in one or more paths through the process
Info (10041): Inferred latch for "col_out_m[0]" at matrix.vhd(47)
Info (10041): Inferred latch for "col_out_m[1]" at matrix.vhd(47)
Info (10041): Inferred latch for "col_out_m[2]" at matrix.vhd(47)
Info (10041): Inferred latch for "col_out_m[3]" at matrix.vhd(47)
Info (10041): Inferred latch for "col_out_m[4]" at matrix.vhd(47)
Info (10041): Inferred latch for "col_out_m[5]" at matrix.vhd(47)
Info (10041): Inferred latch for "col_out_m[6]" at matrix.vhd(47)
Info (10041): Inferred latch for "col_out_m[7]" at matrix.vhd(47)
Info (10041): Inferred latch for "row_out_m[0]" at matrix.vhd(47)
Info (10041): Inferred latch for "row_out_m[1]" at matrix.vhd(47)
Info (10041): Inferred latch for "row_out_m[2]" at matrix.vhd(47)
Info (10041): Inferred latch for "row_out_m[3]" at matrix.vhd(47)
Info (10041): Inferred latch for "row_out_m[4]" at matrix.vhd(47)
Info (10041): Inferred latch for "row_out_m[5]" at matrix.vhd(47)
Info (10041): Inferred latch for "row_out_m[6]" at matrix.vhd(47)
Info (10041): Inferred latch for "row_out_m[7]" at matrix.vhd(47)
Info: Elaborating entity "digitron" for hierarchy "digitron:U9"
Warning: Using design file get_select.vhd, which is not specified as a design file for the current project, but contains definitions for 2 design units and 1 entities in project
    Info: Found design unit 1: get_select-behave
    Info: Found entity 1: get_select
Info: Elaborating entity "get_select" for hierarchy "get_select:U10"
Warning: 1 hierarchies have connectivity warnings - see the Connectivity Checks report folder
Warning: Output pins are stuck at VCC or GND
    Warning (13410): Pin "row_m[0]" is stuck at VCC
    Warning (13410): Pin "row_m[1]" is stuck at VCC
    Warning (13410): Pin "row_m[6]" is stuck at VCC
    Warning (13410): Pin "row_m[7]" is stuck at VCC
    Warning (13410): Pin "digitron_cat[0]" is stuck at VCC
    Warning (13410): Pin "digitron_cat[1]" is stuck at VCC
    Warning (13410): Pin "digitron_cat[2]" is stuck at VCC
    Warning (13410): Pin "digitron_cat[3]" is stuck at VCC
    Warning (13410): Pin "digitron_cat[4]" is stuck at VCC
    Warning (13410): Pin "digitron_cat[5]" is stuck at VCC
    Warning (13410): Pin "digitron_show[5]" is stuck at VCC
Info: Implemented 255 device resources after synthesis - the final resource count might be different
    Info: Implemented 5 input pins
    Info: Implemented 35 output pins
    Info: Implemented 215 logic cells
Info: Quartus II 64-Bit Analysis & Synthesis was successful. 0 errors, 24 warnings
    Info: Peak virtual memory: 308 megabytes
    Info: Processing ended: Wed Nov 02 13:46:37 2016
    Info: Elapsed time: 00:00:06
    Info: Total CPU time (on all processors): 00:00:02


